-------------------------------------------------------------------------------
Test set: TestSuite
-------------------------------------------------------------------------------
Tests run: 1, Failures: 1, Errors: 0, Skipped: 0, Time elapsed: 74 s <<< FAILURE! - in TestSuite
com.mobileapp.GeneralStore.Ecommerce_tc_4.totalValidation  Time elapsed: 69.465 s  <<< FAILURE!
java.lang.AssertionError: expected [280.97] but found [0.0]
	at com.mobileapp.GeneralStore.Ecommerce_tc_4.totalValidation(Ecommerce_tc_4.java:64)

