<?xml version="1.0" encoding="UTF-8"?>
<testsuite xmlns:xsi="http://www.w3.org/2001/XMLSchema-instance" xsi:noNamespaceSchemaLocation="https://maven.apache.org/surefire/maven-surefire-plugin/xsd/surefire-test-report-3.0.xsd" version="3.0" name="TestSuite" time="74" tests="1" errors="0" skipped="0" failures="1">
  <properties>
[...]
</properties>
  <testcase name="totalValidation" classname="com.mobileapp.GeneralStore.Ecommerce_tc_4" time="69.465">
    <failure message="expected [280.97] but found [0.0]" type="java.lang.AssertionError"><![CDATA[java.lang.AssertionError: expected [280.97] but found [0.0]
	at com.mobileapp.GeneralStore.Ecommerce_tc_4.totalValidation(Ecommerce_tc_4.java:64)
]]></failure>
    <system-out><![CDATA[&amp#27;[35m[Appium]&amp#27;[39m Welcome to Appium v1.17.0
&amp#27;[35m[Appium]&amp#27;[39m Appium REST http interface listener started on 0.0.0.0:4723
&amp#27;[35m[HTTP]&amp#27;[39m &amp#27;[37m-->&amp#27;[39m &amp#27;[37mGET&amp#27;[39m &amp#27;[37m/wd/hub/status&amp#27;[39m
&amp#27;[35m[HTTP]&amp#27;[39m &amp#27;[90m{}&amp#27;[39m
[debug] &amp#27;[35m[GENERIC]&amp#27;[39m Calling AppiumDriver.getStatus() with args: []
[debug] &amp#27;[35m[GENERIC]&amp#27;[39m Responding to client with driver.getStatus() result: {"build":{"version":"1.17.0"}}
&amp#27;[35m[HTTP]&amp#27;[39m &amp#27;[37m<-- GET /wd/hub/status &amp#27;[39m&amp#27;[32m200&amp#27;[39m &amp#27;[90m15 ms - 68&amp#27;[39m
&amp#27;[35m[HTTP]&amp#27;[39m &amp#27;[90m&amp#27;[39m
&amp#27;[35m[HTTP]&amp#27;[39m &amp#27;[37m-->&amp#27;[39m &amp#27;[37mPOST&amp#27;[39m &amp#27;[37m/wd/hub/session&amp#27;[39m
&amp#27;[35m[HTTP]&amp#27;[39m &amp#27;[90m{"desiredCapabilities":{"app":"C:\\Users\\Skycliff IT\\YourdrsAutomationTestCases\\GeneralStore\\src\\General-Store.apk","automationName":"uiautomator2","platformName":"Android","deviceName":"emulator-Test","newCommandTimeout":14},"capabilities":{"firstMatch":[{"appium:app":"C:\\Users\\Skycliff IT\\YourdrsAutomationTestCases\\GeneralStore\\src\\General-Store.apk","appium:automationName":"uiautomator2","appium:deviceName":"emulator-Test","appium:newCommandTimeout":14,"platformName":"android"}]}}&amp#27;[39m
[debug] &amp#27;[35m[W3C]&amp#27;[39m Calling AppiumDriver.createSession() with args: [{"app":"C:\\Users\\Skycliff IT\\YourdrsAutomationTestCases\\GeneralStore\\src\\General-Store.apk","automationName":"uiautomator2","platformName":"Android","deviceName":"emulator-Test","newCommandTimeout":14},null,{"firstMatch":[{"appium:app":"C:\\Users\\Skycliff IT\\YourdrsAutomationTestCases\\GeneralStore\\src\\General-Store.apk","appium:automationName":"uiautomator2","appium:deviceName":"emulator-Test","appium:newCommandTimeout":14,"platformName":"android"}]}]
[debug] &amp#27;[35m[BaseDriver]&amp#27;[39m Event 'newSessionRequested' logged at 1588844883798 (15:18:03 GMT+0530 (India Standard Time))
&amp#27;[35m[Appium]&amp#27;[39m Appium v1.17.0 creating new AndroidUiautomator2Driver (v1.44.2) session
[debug] &amp#27;[35m[BaseDriver]&amp#27;[39m W3C capabilities and MJSONWP desired capabilities were provided
[debug] &amp#27;[35m[BaseDriver]&amp#27;[39m Creating session with W3C capabilities: {
[debug] &amp#27;[35m[BaseDriver]&amp#27;[39m   "alwaysMatch": {
[debug] &amp#27;[35m[BaseDriver]&amp#27;[39m     "platformName": "android",
[debug] &amp#27;[35m[BaseDriver]&amp#27;[39m     "appium:app": "C:\\Users\\Skycliff IT\\YourdrsAutomationTestCases\\GeneralStore\\src\\General-Store.apk",
[debug] &amp#27;[35m[BaseDriver]&amp#27;[39m     "appium:automationName": "uiautomator2",
[debug] &amp#27;[35m[BaseDriver]&amp#27;[39m     "appium:deviceName": "emulator-Test",
[debug] &amp#27;[35m[BaseDriver]&amp#27;[39m     "appium:newCommandTimeout": 14
[debug] &amp#27;[35m[BaseDriver]&amp#27;[39m   },
[debug] &amp#27;[35m[BaseDriver]&amp#27;[39m   "firstMatch": [
[debug] &amp#27;[35m[BaseDriver]&amp#27;[39m     {}
[debug] &amp#27;[35m[BaseDriver]&amp#27;[39m   ]
[debug] &amp#27;[35m[BaseDriver]&amp#27;[39m }
&amp#27;[35m[BaseDriver]&amp#27;[39m Session created with session id: 3fe7b4f6-ce7b-42e1-94e3-e46bd6021f75
&amp#27;[35m[BaseDriver]&amp#27;[39m Using local app 'C:\Users\Skycliff IT\YourdrsAutomationTestCases\GeneralStore\src\General-Store.apk'
[debug] &amp#27;[35m[UiAutomator2]&amp#27;[39m Checking whether app is actually present
&amp#27;[35m[ADB]&amp#27;[39m Found 1 'build-tools' folders under 'C:\Users\Skycliff IT\AppData\Local\Android\Sdk' (newest first):
&amp#27;[35m[ADB]&amp#27;[39m     C:/Users/Skycliff IT/AppData/Local/Android/Sdk/build-tools/29.0.3
&amp#27;[35m[ADB]&amp#27;[39m Using 'adb.exe' from 'C:\Users\Skycliff IT\AppData\Local\Android\Sdk\platform-tools\adb.exe'
&amp#27;[35m[AndroidDriver]&amp#27;[39m Retrieving device list
[debug] &amp#27;[35m[ADB]&amp#27;[39m Trying to find a connected android device
[debug] &amp#27;[35m[ADB]&amp#27;[39m Getting connected devices...
[debug] &amp#27;[35m[ADB]&amp#27;[39m Connected devices: [{"udid":"emulator-5554","state":"device"}]
&amp#27;[35m[AndroidDriver]&amp#27;[39m Using device: emulator-5554
&amp#27;[35m[ADB]&amp#27;[39m Using 'adb.exe' from 'C:\Users\Skycliff IT\AppData\Local\Android\Sdk\platform-tools\adb.exe'
[debug] &amp#27;[35m[ADB]&amp#27;[39m Setting device id to emulator-5554
[debug] &amp#27;[35m[ADB]&amp#27;[39m Running 'C:\Users\Skycliff IT\AppData\Local\Android\Sdk\platform-tools\adb.exe -P 5037 -s emulator-5554 shell getprop ro.build.version.sdk'
[debug] &amp#27;[35m[ADB]&amp#27;[39m Current device property 'ro.build.version.sdk': 29
&amp#27;[35m[ADB]&amp#27;[39m Getting device platform version
[debug] &amp#27;[35m[ADB]&amp#27;[39m Running 'C:\Users\Skycliff IT\AppData\Local\Android\Sdk\platform-tools\adb.exe -P 5037 -s emulator-5554 shell getprop ro.build.version.release'
[debug] &amp#27;[35m[ADB]&amp#27;[39m Current device property 'ro.build.version.release': 10
[debug] &amp#27;[35m[ADB]&amp#27;[39m Device API level: 29
&amp#27;[35m[UiAutomator2]&amp#27;[39m Relaxing hidden api policy
[debug] &amp#27;[35m[ADB]&amp#27;[39m Running 'C:\Users\Skycliff IT\AppData\Local\Android\Sdk\platform-tools\adb.exe -P 5037 -s emulator-5554 shell settings put global hidden_api_policy_pre_p_apps 1'
[debug] &amp#27;[35m[ADB]&amp#27;[39m Running 'C:\Users\Skycliff IT\AppData\Local\Android\Sdk\platform-tools\adb.exe -P 5037 -s emulator-5554 shell settings put global hidden_api_policy_p_apps 1'
[debug] &amp#27;[35m[ADB]&amp#27;[39m Running 'C:\Users\Skycliff IT\AppData\Local\Android\Sdk\platform-tools\adb.exe -P 5037 -s emulator-5554 shell settings put global hidden_api_policy 1'
[debug] &amp#27;[35m[AndroidDriver]&amp#27;[39m Parsing package and activity from app manifest
&amp#27;[35m[ADB]&amp#27;[39m Package name: 'com.androidsample.generalstore'
&amp#27;[35m[ADB]&amp#27;[39m Main activity name: 'com.androidsample.generalstore.SplashActivity'
[debug] &amp#27;[35m[AndroidDriver]&amp#27;[39m Parsed package and activity are: com.androidsample.generalstore/com.androidsample.generalstore.SplashActivity
[debug] &amp#27;[35m[ADB]&amp#27;[39m Running 'C:\Users\Skycliff IT\AppData\Local\Android\Sdk\platform-tools\adb.exe -P 5037 -s emulator-5554 wait-for-device'
[debug] &amp#27;[35m[ADB]&amp#27;[39m Running 'C:\Users\Skycliff IT\AppData\Local\Android\Sdk\platform-tools\adb.exe -P 5037 -s emulator-5554 shell echo ping'
[debug] &amp#27;[35m[AndroidDriver]&amp#27;[39m Pushing settings apk to device...
[debug] &amp#27;[35m[ADB]&amp#27;[39m Getting install status for io.appium.settings
[debug] &amp#27;[35m[ADB]&amp#27;[39m Running 'C:\Users\Skycliff IT\AppData\Local\Android\Sdk\platform-tools\adb.exe -P 5037 -s emulator-5554 shell dumpsys package io.appium.settings'
[debug] &amp#27;[35m[ADB]&amp#27;[39m 'io.appium.settings' is installed
[debug] &amp#27;[35m[ADB]&amp#27;[39m Getting package info for 'io.appium.settings'
[debug] &amp#27;[35m[ADB]&amp#27;[39m Running 'C:\Users\Skycliff IT\AppData\Local\Android\Sdk\platform-tools\adb.exe -P 5037 -s emulator-5554 shell dumpsys package io.appium.settings'
[debug] &amp#27;[35m[ADB]&amp#27;[39m The version name of the installed 'io.appium.settings' is greater or equal to the application version name ('3.1.0' >= '3.1.0')
[debug] &amp#27;[35m[ADB]&amp#27;[39m There is no need to install/upgrade 'C:\Users\Skycliff IT\AppData\Roaming\npm\node_modules\appium\node_modules\io.appium.settings\apks\settings_apk-debug.apk'
[debug] &amp#27;[35m[ADB]&amp#27;[39m Getting IDs of all 'io.appium.settings' processes
[debug] &amp#27;[35m[ADB]&amp#27;[39m Running 'C:\Users\Skycliff IT\AppData\Local\Android\Sdk\platform-tools\adb.exe -P 5037 -s emulator-5554 shell 'pgrep --help; echo $?''
[debug] &amp#27;[35m[ADB]&amp#27;[39m Running 'C:\Users\Skycliff IT\AppData\Local\Android\Sdk\platform-tools\adb.exe -P 5037 -s emulator-5554 shell pgrep -f io\\.appium\\.settings'
[debug] &amp#27;[35m[AndroidDriver]&amp#27;[39m io.appium.settings is already running. There is no need to reset its permissions.
[debug] &amp#27;[35m[ADB]&amp#27;[39m Running 'C:\Users\Skycliff IT\AppData\Local\Android\Sdk\platform-tools\adb.exe -P 5037 -s emulator-5554 shell appops set io.appium.settings android\:mock_location allow'
[debug] &amp#27;[35m[Logcat]&amp#27;[39m Starting logcat capture
[debug] &amp#27;[35m[UiAutomator2]&amp#27;[39m Forwarding UiAutomator2 Server port 6790 to 8200
[debug] &amp#27;[35m[ADB]&amp#27;[39m Forwarding system: 8200 to device: 6790
[debug] &amp#27;[35m[ADB]&amp#27;[39m Running 'C:\Users\Skycliff IT\AppData\Local\Android\Sdk\platform-tools\adb.exe -P 5037 -s emulator-5554 forward tcp\:8200 tcp\:6790'
[debug] &amp#27;[35m[ADB]&amp#27;[39m Getting install status for io.appium.uiautomator2.server
[debug] &amp#27;[35m[ADB]&amp#27;[39m Running 'C:\Users\Skycliff IT\AppData\Local\Android\Sdk\platform-tools\adb.exe -P 5037 -s emulator-5554 shell dumpsys package io.appium.uiautomator2.server'
[debug] &amp#27;[35m[ADB]&amp#27;[39m 'io.appium.uiautomator2.server' is installed
[debug] &amp#27;[35m[ADB]&amp#27;[39m Getting package info for 'io.appium.uiautomator2.server'
[debug] &amp#27;[35m[ADB]&amp#27;[39m Running 'C:\Users\Skycliff IT\AppData\Local\Android\Sdk\platform-tools\adb.exe -P 5037 -s emulator-5554 shell dumpsys package io.appium.uiautomator2.server'
[debug] &amp#27;[35m[ADB]&amp#27;[39m The version name of the installed 'io.appium.uiautomator2.server' is greater or equal to the application version name ('4.5.5' >= '4.5.5')
[debug] &amp#27;[35m[UiAutomator2]&amp#27;[39m io.appium.uiautomator2.server installation state: sameVersionInstalled
[debug] &amp#27;[35m[ADB]&amp#27;[39m Checking app cert for C:\Users\Skycliff IT\AppData\Roaming\npm\node_modules\appium\node_modules\appium-uiautomator2-server\apks\appium-uiautomator2-server-v4.5.5.apk
&amp#27;[35m[ADB]&amp#27;[39m Using 'apksigner.jar' from 'C:\Users\Skycliff IT\AppData\Local\Android\Sdk\build-tools\29.0.3\lib\apksigner.jar'
[debug] &amp#27;[35m[ADB]&amp#27;[39m Starting apksigner: 'C:\\Program Files\\Java\\jdk1.8.0_231\\bin\\java.exe' -Xmx1024M -Xss1m -jar 'C:\\Users\\Skycliff IT\\AppData\\Local\\Android\\Sdk\\build-tools\\29.0.3\\lib\\apksigner.jar' verify --print-certs 'C:\\Users\\Skycliff IT\\AppData\\Roaming\\npm\\node_modules\\appium\\node_modules\\appium-uiautomator2-server\\apks\\appium-uiautomator2-server-v4.5.5.apk'
[debug] &amp#27;[35m[ADB]&amp#27;[39m apksigner stdout: Signer #1 certificate DN: EMAILADDRESS=android@android.com, CN=Android, OU=Android, O=Android, L=Mountain View, ST=California, C=US
[debug] &amp#27;[35m[ADB]&amp#27;[39m Signer #1 certificate SHA-256 digest: a40da80a59d170caa950cf15c18c454d47a39b26989d8b640ecd745ba71bf5dc
[debug] &amp#27;[35m[ADB]&amp#27;[39m Signer #1 certificate SHA-1 digest: 61ed377e85d386a8dfee6b864bd85b0bfaa5af81
[debug] &amp#27;[35m[ADB]&amp#27;[39m Signer #1 certificate MD5 digest: e89b158e4bcf988ebd09eb83f5378e87
[debug] &amp#27;[35m[ADB]&amp#27;[39m 
[debug] &amp#27;[35m[ADB]&amp#27;[39m 'C:\Users\Skycliff IT\AppData\Roaming\npm\node_modules\appium\node_modules\appium-uiautomator2-server\apks\appium-uiautomator2-server-v4.5.5.apk' is signed with the default certificate
[debug] &amp#27;[35m[ADB]&amp#27;[39m Getting install status for io.appium.uiautomator2.server.test
[debug] &amp#27;[35m[ADB]&amp#27;[39m Running 'C:\Users\Skycliff IT\AppData\Local\Android\Sdk\platform-tools\adb.exe -P 5037 -s emulator-5554 shell dumpsys package io.appium.uiautomator2.server.test'
[debug] &amp#27;[35m[ADB]&amp#27;[39m 'io.appium.uiautomator2.server.test' is installed
[debug] &amp#27;[35m[ADB]&amp#27;[39m Checking app cert for C:\Users\Skycliff IT\AppData\Roaming\npm\node_modules\appium\node_modules\appium-uiautomator2-server\apks\appium-uiautomator2-server-debug-androidTest.apk
[debug] &amp#27;[35m[ADB]&amp#27;[39m Starting apksigner: 'C:\\Program Files\\Java\\jdk1.8.0_231\\bin\\java.exe' -Xmx1024M -Xss1m -jar 'C:\\Users\\Skycliff IT\\AppData\\Local\\Android\\Sdk\\build-tools\\29.0.3\\lib\\apksigner.jar' verify --print-certs 'C:\\Users\\Skycliff IT\\AppData\\Roaming\\npm\\node_modules\\appium\\node_modules\\appium-uiautomator2-server\\apks\\appium-uiautomator2-server-debug-androidTest.apk'
[debug] &amp#27;[35m[ADB]&amp#27;[39m apksigner stdout: Signer #1 certificate DN: EMAILADDRESS=android@android.com, CN=Android, OU=Android, O=Android, L=Mountain View, ST=California, C=US
[debug] &amp#27;[35m[ADB]&amp#27;[39m Signer #1 certificate SHA-256 digest: a40da80a59d170caa950cf15c18c454d47a39b26989d8b640ecd745ba71bf5dc
[debug] &amp#27;[35m[ADB]&amp#27;[39m Signer #1 certificate SHA-1 digest: 61ed377e85d386a8dfee6b864bd85b0bfaa5af81
[debug] &amp#27;[35m[ADB]&amp#27;[39m Signer #1 certificate MD5 digest: e89b158e4bcf988ebd09eb83f5378e87
[debug] &amp#27;[35m[ADB]&amp#27;[39m 
[debug] &amp#27;[35m[ADB]&amp#27;[39m 'C:\Users\Skycliff IT\AppData\Roaming\npm\node_modules\appium\node_modules\appium-uiautomator2-server\apks\appium-uiautomator2-server-debug-androidTest.apk' is signed with the default certificate
&amp#27;[35m[UiAutomator2]&amp#27;[39m Server packages are not going to be (re)installed
[debug] &amp#27;[35m[UiAutomator2]&amp#27;[39m Waiting up to 30000ms for services to be available
[debug] &amp#27;[35m[ADB]&amp#27;[39m Running 'C:\Users\Skycliff IT\AppData\Local\Android\Sdk\platform-tools\adb.exe -P 5037 -s emulator-5554 shell pm list instrumentation'
[debug] &amp#27;[35m[UiAutomator2]&amp#27;[39m Instrumentation target 'io.appium.uiautomator2.server.test/androidx.test.runner.AndroidJUnitRunner' is available
[debug] &amp#27;[35m[ADB]&amp#27;[39m Checking app cert for C:\Users\Skycliff IT\YourdrsAutomationTestCases\GeneralStore\src\General-Store.apk
[debug] &amp#27;[35m[ADB]&amp#27;[39m Starting apksigner: 'C:\\Program Files\\Java\\jdk1.8.0_231\\bin\\java.exe' -Xmx1024M -Xss1m -jar 'C:\\Users\\Skycliff IT\\AppData\\Local\\Android\\Sdk\\build-tools\\29.0.3\\lib\\apksigner.jar' verify --print-certs 'C:\\Users\\Skycliff IT\\YourdrsAutomationTestCases\\GeneralStore\\src\\General-Store.apk'
[debug] &amp#27;[35m[ADB]&amp#27;[39m apksigner stdout: Signer #1 certificate DN: EMAILADDRESS=android@android.com, CN=Android, OU=Android, O=Android, L=Mountain View, ST=California, C=US
[debug] &amp#27;[35m[ADB]&amp#27;[39m Signer #1 certificate SHA-256 digest: a40da80a59d170caa950cf15c18c454d47a39b26989d8b640ecd745ba71bf5dc
[debug] &amp#27;[35m[ADB]&amp#27;[39m Signer #1 certificate SHA-1 digest: 61ed377e85d386a8dfee6b864bd85b0bfaa5af81
[debug] &amp#27;[35m[ADB]&amp#27;[39m Signer #1 certificate MD5 digest: e89b158e4bcf988ebd09eb83f5378e87
[debug] &amp#27;[35m[ADB]&amp#27;[39m 
[debug] &amp#27;[35m[ADB]&amp#27;[39m 'C:\Users\Skycliff IT\YourdrsAutomationTestCases\GeneralStore\src\General-Store.apk' is signed with the default certificate
[debug] &amp#27;[35m[ADB]&amp#27;[39m Getting install status for com.androidsample.generalstore
[debug] &amp#27;[35m[ADB]&amp#27;[39m Running 'C:\Users\Skycliff IT\AppData\Local\Android\Sdk\platform-tools\adb.exe -P 5037 -s emulator-5554 shell dumpsys package com.androidsample.generalstore'
[debug] &amp#27;[35m[ADB]&amp#27;[39m 'com.androidsample.generalstore' is installed
[debug] &amp#27;[35m[ADB]&amp#27;[39m Getting package info for 'com.androidsample.generalstore'
[debug] &amp#27;[35m[ADB]&amp#27;[39m Running 'C:\Users\Skycliff IT\AppData\Local\Android\Sdk\platform-tools\adb.exe -P 5037 -s emulator-5554 shell dumpsys package com.androidsample.generalstore'
[debug] &amp#27;[35m[ADB]&amp#27;[39m The version name of the installed 'com.androidsample.generalstore' is greater or equal to the application version name ('1.0.0' >= '1.0.0')
[debug] &amp#27;[35m[ADB]&amp#27;[39m There is no need to install/upgrade 'C:\Users\Skycliff IT\YourdrsAutomationTestCases\GeneralStore\src\General-Store.apk'
&amp#27;[35m[AndroidDriver]&amp#27;[39m Performing fast reset on 'com.androidsample.generalstore'
[debug] &amp#27;[35m[ADB]&amp#27;[39m Getting install status for com.androidsample.generalstore
[debug] &amp#27;[35m[ADB]&amp#27;[39m Running 'C:\Users\Skycliff IT\AppData\Local\Android\Sdk\platform-tools\adb.exe -P 5037 -s emulator-5554 shell dumpsys package com.androidsample.generalstore'
[debug] &amp#27;[35m[ADB]&amp#27;[39m 'com.androidsample.generalstore' is installed
[debug] &amp#27;[35m[ADB]&amp#27;[39m Running 'C:\Users\Skycliff IT\AppData\Local\Android\Sdk\platform-tools\adb.exe -P 5037 -s emulator-5554 shell am force-stop com.androidsample.generalstore'
[debug] &amp#27;[35m[ADB]&amp#27;[39m Running 'C:\Users\Skycliff IT\AppData\Local\Android\Sdk\platform-tools\adb.exe -P 5037 -s emulator-5554 shell pm clear com.androidsample.generalstore'
[debug] &amp#27;[35m[AndroidDriver]&amp#27;[39m Performed fast reset on the installed 'com.androidsample.generalstore' application (stop and clear)
[debug] &amp#27;[35m[UiAutomator2]&amp#27;[39m Performing shallow cleanup of automation leftovers
[debug] &amp#27;[35m[UiAutomator2]&amp#27;[39m The following obsolete sessions are still running: ["3c16eaaa-b935-4502-ba08-85ad8db4e35a"]
[debug] &amp#27;[35m[UiAutomator2]&amp#27;[39m Cleaning up the obsolete sessions
[debug] &amp#27;[35m[ADB]&amp#27;[39m Running 'C:\Users\Skycliff IT\AppData\Local\Android\Sdk\platform-tools\adb.exe -P 5037 -s emulator-5554 shell am force-stop io.appium.uiautomator2.server.test'
&amp#27;[35m[UiAutomator2]&amp#27;[39m Starting UIAutomator2 server 4.5.5
&amp#27;[35m[UiAutomator2]&amp#27;[39m Using UIAutomator2 server from 'C:\Users\Skycliff IT\AppData\Roaming\npm\node_modules\appium\node_modules\appium-uiautomator2-server\apks\appium-uiautomator2-server-v4.5.5.apk' and test from 'C:\Users\Skycliff IT\AppData\Roaming\npm\node_modules\appium\node_modules\appium-uiautomator2-server\apks\appium-uiautomator2-server-debug-androidTest.apk'
&amp#27;[35m[UiAutomator2]&amp#27;[39m Waiting up to 30000ms for UiAutomator2 to be online...
[debug] &amp#27;[35m[ADB]&amp#27;[39m Creating ADB subprocess with args: ["-P",5037,"-s","emulator-5554","shell","am","instrument","-w","io.appium.uiautomator2.server.test/androidx.test.runner.AndroidJUnitRunner"]
[debug] &amp#27;[35m[WD Proxy]&amp#27;[39m Matched '/status' to command name 'getStatus'
[debug] &amp#27;[35m[WD Proxy]&amp#27;[39m Proxying [GET /status] to [GET http://127.0.0.1:8200/wd/hub/status] with no body
&amp#27;[35m[WD Proxy]&amp#27;[39m Got response with unknown status: {"code":"ECONNRESET"}
[debug] &amp#27;[35m[Instrumentation]&amp#27;[39m io.appium.uiautomator2.server.test.AppiumUiAutomator2Server:
[debug] &amp#27;[35m[WD Proxy]&amp#27;[39m Matched '/status' to command name 'getStatus'
[debug] &amp#27;[35m[WD Proxy]&amp#27;[39m Proxying [GET /status] to [GET http://127.0.0.1:8200/wd/hub/status] with no body
&amp#27;[35m[WD Proxy]&amp#27;[39m Got response with unknown status: {"code":"ECONNRESET"}
[debug] &amp#27;[35m[WD Proxy]&amp#27;[39m Matched '/status' to command name 'getStatus'
[debug] &amp#27;[35m[WD Proxy]&amp#27;[39m Proxying [GET /status] to [GET http://127.0.0.1:8200/wd/hub/status] with no body
&amp#27;[35m[WD Proxy]&amp#27;[39m Got response with unknown status: {"code":"ECONNRESET"}
[debug] &amp#27;[35m[WD Proxy]&amp#27;[39m Matched '/status' to command name 'getStatus'
[debug] &amp#27;[35m[WD Proxy]&amp#27;[39m Proxying [GET /status] to [GET http://127.0.0.1:8200/wd/hub/status] with no body
[debug] &amp#27;[35m[WD Proxy]&amp#27;[39m Got response with status 200: {"sessionId":"None","value":{"ready":true,"message":"UiAutomator2 Server is ready to accept commands"}}
[debug] &amp#27;[35m[UiAutomator2]&amp#27;[39m The initialization of the instrumentation process took 4393ms
[debug] &amp#27;[35m[WD Proxy]&amp#27;[39m Matched '/session' to command name 'createSession'
[debug] &amp#27;[35m[WD Proxy]&amp#27;[39m Proxying [POST /session] to [POST http://127.0.0.1:8200/wd/hub/session] with body: {"capabilities":{"firstMatch":[{"platform":"LINUX","webStorageEnabled":false,"takesScreenshot":true,"javascriptEnabled":true,"databaseEnabled":false,"networkConnectionEnabled":true,"locationContextEnabled":false,"warnings":{},"desired":{"platformName":"android","app":"C:\\Users\\Skycliff IT\\YourdrsAutomationTestCases\\GeneralStore\\src\\General-Store.apk","automationName":"uiautomator2","deviceName":"emulator-Test","newCommandTimeout":14},"platformName":"android","app":"C:\\Users\\Skycliff IT\\YourdrsAutomationTestCases\\GeneralStore\\src\\General-Store.apk","automationName":"uiautomator2","deviceName":"emulator-5554","newCommandTimeout":14,"deviceUDID":"emulator-5554","appPackage":"com.androidsample.generalstore"}],"alwaysMatch":{}}}
[debug] &amp#27;[35m[WD Proxy]&amp#27;[39m Got response with status 200: {"sessionId":"019eb0b6-d38e-42ee-9fb0-7ffea49d45d4","value":{"sessionId":"019eb0b6-d38e-42ee-9fb0-7ffea49d45d4","capabilities":{"firstMatch":[{"platform":"LINUX","webStorageEnabled":false,"takesScreenshot":true,"javascriptEnabled":true,"databaseEnabled":false,"networkConnectionEnabled":true,"locationContextEnabled":false,"warnings":{},"desired":{"platformName":"android","app":"C:\\Users\\Skycliff IT\\YourdrsAutomationTestCases\\GeneralStore\\src\\General-Store.apk","automationName":"uiautomator2","deviceName":"emulator-Test","newCommandTimeout":14},"platformName":"android","app":"C:\\Users\\Skycliff IT\\YourdrsAutomationTestCases\\GeneralStore\\src\\General-Store.apk","automationName":"uiautomator2","deviceName":"emulator-5554","newCommandTimeout":14,"deviceUDID":"emulator-5554","appPackage":"com.androidsample.generalstore"}],"alwaysMatch":{}}}}
&amp#27;[35m[WD Proxy]&amp#27;[39m Determined the downstream protocol as 'W3C'
[debug] &amp#27;[35m[WD Proxy]&amp#27;[39m Proxying [GET /appium/device/info] to [GET http://127.0.0.1:8200/wd/hub/session/019eb0b6-d38e-42ee-9fb0-7ffea49d45d4/appium/device/info] with no body
[debug] &amp#27;[35m[WD Proxy]&amp#27;[39m Got response with status 200: {"sessionId":"019eb0b6-d38e-42ee-9fb0-7ffea49d45d4","value":{"androidId":"dd6e6e0ec6c5382e","manufacturer":"Google","model":"Android SDK built for x86","brand":"google","apiVersion":"29","platformVersion":"10","carrierName":"Android","realDisplaySize":"1080x2220","displayDensity":440,"networks":[{"type":1,"typeName":"WIFI","subtype":0,"subtypeName":"","isConnected":true,"detailedState":"CONNECTED","state":"CONNECTED","extraInfo":null,"isAvailable":true,"isFailover":false,"isRoaming":false,"capabilities":{"transportTypes":"TRANSPORT_WIFI","networkCapabilities":"NET_CAPABILITY_NOT_METERED,NET_CAPABILITY_INTERNET,NET_CAPABILITY_NOT_RESTRICTED,NET_CAPABILITY_TRUSTED,NET_CAPABILITY_NOT_VPN,NET_CAPABILITY_VALIDATED,NET_CAPABILITY_NOT_ROAMING,NET_CAPABILITY_FOREGROUND,NET_CAPABILITY_NOT_CONGESTED,NET_CAPABILITY_NOT_SUSPENDED","linkUpstreamBandwidthKbps":1048576,"linkDownBandwidthKbps":1048576,"signalStrength":-30,"networkSpecifier":null,"SSID":null}},{"type":0,"typeName":"MOBILE","subtype":13,"subtypeName":"LTE",...
[debug] &amp#27;[35m[ADB]&amp#27;[39m Running 'C:\Users\Skycliff IT\AppData\Local\Android\Sdk\platform-tools\adb.exe -P 5037 -s emulator-5554 shell dumpsys window'
&amp#27;[35m[AndroidDriver]&amp#27;[39m Screen already unlocked, doing nothing
&amp#27;[35m[UiAutomator2]&amp#27;[39m Starting 'com.androidsample.generalstore/com.androidsample.generalstore.SplashActivity and waiting for 'com.androidsample.generalstore/com.androidsample.generalstore.SplashActivity'
[debug] &amp#27;[35m[ADB]&amp#27;[39m Running 'C:\Users\Skycliff IT\AppData\Local\Android\Sdk\platform-tools\adb.exe -P 5037 -s emulator-5554 shell am start -W -n com.androidsample.generalstore/com.androidsample.generalstore.SplashActivity -S -a android.intent.action.MAIN -c android.intent.category.LAUNCHER -f 0x10200000'
[debug] &amp#27;[35m[ADB]&amp#27;[39m Waiting up to 20000ms for activity matching pkg: 'com.androidsample.generalstore' and activity: 'com.androidsample.generalstore.SplashActivity' to be focused
[debug] &amp#27;[35m[ADB]&amp#27;[39m Possible activities, to be checked: 'com.androidsample.generalstore.SplashActivity', 'com.androidsample.generalstore.com.androidsample.generalstore.SplashActivity'
[debug] &amp#27;[35m[ADB]&amp#27;[39m Getting focused package and activity
[debug] &amp#27;[35m[ADB]&amp#27;[39m Running 'C:\Users\Skycliff IT\AppData\Local\Android\Sdk\platform-tools\adb.exe -P 5037 -s emulator-5554 shell dumpsys window displays'
[debug] &amp#27;[35m[ADB]&amp#27;[39m Found package: 'com.androidsample.generalstore' and fully qualified activity name : 'com.androidsample.generalstore.SplashActivity'
[debug] &amp#27;[35m[WD Proxy]&amp#27;[39m Proxying [GET /appium/device/pixel_ratio] to [GET http://127.0.0.1:8200/wd/hub/session/019eb0b6-d38e-42ee-9fb0-7ffea49d45d4/appium/device/pixel_ratio] with body: {}
[debug] &amp#27;[35m[WD Proxy]&amp#27;[39m Got response with status 200: {"sessionId":"019eb0b6-d38e-42ee-9fb0-7ffea49d45d4","value":2.75}
[debug] &amp#27;[35m[WD Proxy]&amp#27;[39m Matched '/appium/device/system_bars' to command name 'getSystemBars'
[debug] &amp#27;[35m[WD Proxy]&amp#27;[39m Proxying [GET /appium/device/system_bars] to [GET http://127.0.0.1:8200/wd/hub/session/019eb0b6-d38e-42ee-9fb0-7ffea49d45d4/appium/device/system_bars] with body: {}
[debug] &amp#27;[35m[WD Proxy]&amp#27;[39m Got response with status 200: {"sessionId":"019eb0b6-d38e-42ee-9fb0-7ffea49d45d4","value":{"statusBar":66}}
[debug] &amp#27;[35m[WD Proxy]&amp#27;[39m Matched '/window/current/size' to command name 'getWindowSize'
[debug] &amp#27;[35m[WD Proxy]&amp#27;[39m Proxying [GET /window/current/size] to [GET http://127.0.0.1:8200/wd/hub/session/019eb0b6-d38e-42ee-9fb0-7ffea49d45d4/window/current/size] with body: {}
[debug] &amp#27;[35m[WD Proxy]&amp#27;[39m Got response with status 200: {"sessionId":"019eb0b6-d38e-42ee-9fb0-7ffea49d45d4","value":{"height":2088,"width":1080}}
&amp#27;[35m[Appium]&amp#27;[39m New AndroidUiautomator2Driver session created successfully, session 3fe7b4f6-ce7b-42e1-94e3-e46bd6021f75 added to master session list
[debug] &amp#27;[35m[BaseDriver]&amp#27;[39m Event 'newSessionStarted' logged at 1588844899498 (15:18:19 GMT+0530 (India Standard Time))
[debug] &amp#27;[35m[W3C (3fe7b4f6)]&amp#27;[39m Cached the protocol value 'W3C' for the new session 3fe7b4f6-ce7b-42e1-94e3-e46bd6021f75
[debug] &amp#27;[35m[W3C (3fe7b4f6)]&amp#27;[39m Responding to client with driver.createSession() result: {"capabilities":{"platform":"LINUX","webStorageEnabled":false,"takesScreenshot":true,"javascriptEnabled":true,"databaseEnabled":false,"networkConnectionEnabled":true,"locationContextEnabled":false,"warnings":{},"desired":{"platformName":"android","app":"C:\\Users\\Skycliff IT\\YourdrsAutomationTestCases\\GeneralStore\\src\\General-Store.apk","automationName":"uiautomator2","deviceName":"emulator-Test","newCommandTimeout":14},"platformName":"android","app":"C:\\Users\\Skycliff IT\\YourdrsAutomationTestCases\\GeneralStore\\src\\General-Store.apk","automationName":"uiautomator2","deviceName":"emulator-5554","newCommandTimeout":14,"deviceUDID":"emulator-5554","appPackage":"com.androidsample.generalstore","deviceApiLevel":29,"platformVersion":"10","deviceScreenSize":"1080x2220","deviceScreenDensity":440,"deviceModel":"Android SDK built for x86","deviceManufacturer":"Google","pixelRatio":2.75,"statBarHeight":66,"viewportRect":{"left":0,"top":66,"width":1080,"height":2022}}}
&amp#27;[35m[HTTP]&amp#27;[39m &amp#27;[37m<-- POST /wd/hub/session &amp#27;[39m&amp#27;[32m200&amp#27;[39m &amp#27;[90m15712 ms - 1043&amp#27;[39m
&amp#27;[35m[HTTP]&amp#27;[39m &amp#27;[90m&amp#27;[39m
&amp#27;[35m[HTTP]&amp#27;[39m &amp#27;[37m-->&amp#27;[39m &amp#27;[37mPOST&amp#27;[39m &amp#27;[37m/wd/hub/session/3fe7b4f6-ce7b-42e1-94e3-e46bd6021f75/timeouts&amp#27;[39m
&amp#27;[35m[HTTP]&amp#27;[39m &amp#27;[90m{"implicit":10000}&amp#27;[39m
[debug] &amp#27;[35m[W3C (3fe7b4f6)]&amp#27;[39m Calling AppiumDriver.timeouts() with args: [null,null,null,null,10000,"3fe7b4f6-ce7b-42e1-94e3-e46bd6021f75"]
[debug] &amp#27;[35m[BaseDriver]&amp#27;[39m W3C timeout argument: {"implicit":10000}}
[debug] &amp#27;[35m[BaseDriver]&amp#27;[39m Set implicit wait to 10000ms
[debug] &amp#27;[35m[W3C (3fe7b4f6)]&amp#27;[39m Responding to client with driver.timeouts() result: null
&amp#27;[35m[HTTP]&amp#27;[39m &amp#27;[37m<-- POST /wd/hub/session/3fe7b4f6-ce7b-42e1-94e3-e46bd6021f75/timeouts &amp#27;[39m&amp#27;[32m200&amp#27;[39m &amp#27;[90m16 ms - 14&amp#27;[39m
&amp#27;[35m[HTTP]&amp#27;[39m &amp#27;[90m&amp#27;[39m
&amp#27;[35m[HTTP]&amp#27;[39m &amp#27;[37m-->&amp#27;[39m &amp#27;[37mPOST&amp#27;[39m &amp#27;[37m/wd/hub/session/3fe7b4f6-ce7b-42e1-94e3-e46bd6021f75/timeouts&amp#27;[39m
&amp#27;[35m[HTTP]&amp#27;[39m &amp#27;[90m{"implicit":10000}&amp#27;[39m
[debug] &amp#27;[35m[W3C (3fe7b4f6)]&amp#27;[39m Calling AppiumDriver.timeouts() with args: [null,null,null,null,10000,"3fe7b4f6-ce7b-42e1-94e3-e46bd6021f75"]
[debug] &amp#27;[35m[BaseDriver]&amp#27;[39m W3C timeout argument: {"implicit":10000}}
[debug] &amp#27;[35m[BaseDriver]&amp#27;[39m Set implicit wait to 10000ms
[debug] &amp#27;[35m[W3C (3fe7b4f6)]&amp#27;[39m Responding to client with driver.timeouts() result: null
&amp#27;[35m[HTTP]&amp#27;[39m &amp#27;[37m<-- POST /wd/hub/session/3fe7b4f6-ce7b-42e1-94e3-e46bd6021f75/timeouts &amp#27;[39m&amp#27;[32m200&amp#27;[39m &amp#27;[90m12 ms - 14&amp#27;[39m
&amp#27;[35m[HTTP]&amp#27;[39m &amp#27;[90m&amp#27;[39m
trying to find the Name field
&amp#27;[35m[HTTP]&amp#27;[39m &amp#27;[37m-->&amp#27;[39m &amp#27;[37mGET&amp#27;[39m &amp#27;[37m/wd/hub/session/3fe7b4f6-ce7b-42e1-94e3-e46bd6021f75/context&amp#27;[39m
&amp#27;[35m[HTTP]&amp#27;[39m &amp#27;[90m{}&amp#27;[39m
[debug] &amp#27;[35m[W3C (3fe7b4f6)]&amp#27;[39m Calling AppiumDriver.getCurrentContext() with args: ["3fe7b4f6-ce7b-42e1-94e3-e46bd6021f75"]
[debug] &amp#27;[35m[W3C (3fe7b4f6)]&amp#27;[39m Responding to client with driver.getCurrentContext() result: "NATIVE_APP"
&amp#27;[35m[HTTP]&amp#27;[39m &amp#27;[37m<-- GET /wd/hub/session/3fe7b4f6-ce7b-42e1-94e3-e46bd6021f75/context &amp#27;[39m&amp#27;[32m200&amp#27;[39m &amp#27;[90m11 ms - 22&amp#27;[39m
&amp#27;[35m[HTTP]&amp#27;[39m &amp#27;[90m&amp#27;[39m
&amp#27;[35m[HTTP]&amp#27;[39m &amp#27;[37m-->&amp#27;[39m &amp#27;[37mPOST&amp#27;[39m &amp#27;[37m/wd/hub/session/3fe7b4f6-ce7b-42e1-94e3-e46bd6021f75/element&amp#27;[39m
&amp#27;[35m[HTTP]&amp#27;[39m &amp#27;[90m{"using":"id","value":"com.androidsample.generalstore:id/nameField"}&amp#27;[39m
[debug] &amp#27;[35m[W3C (3fe7b4f6)]&amp#27;[39m Calling AppiumDriver.findElement() with args: ["id","com.androidsample.generalstore:id/nameField","3fe7b4f6-ce7b-42e1-94e3-e46bd6021f75"]
[debug] &amp#27;[35m[BaseDriver]&amp#27;[39m Valid locator strategies for this request: xpath, id, class name, accessibility id, -android uiautomator
[debug] &amp#27;[35m[BaseDriver]&amp#27;[39m Waiting up to 10000 ms for condition
[debug] &amp#27;[35m[WD Proxy]&amp#27;[39m Matched '/element' to command name 'findElement'
[debug] &amp#27;[35m[WD Proxy]&amp#27;[39m Proxying [POST /element] to [POST http://127.0.0.1:8200/wd/hub/session/019eb0b6-d38e-42ee-9fb0-7ffea49d45d4/element] with body: {"strategy":"id","selector":"com.androidsample.generalstore:id/nameField","context":"","multiple":false}
&amp#27;[35m[WD Proxy]&amp#27;[39m Got response with status 404: {"sessionId":"019eb0b6-d38e-42ee-9fb0-7ffea49d45d4","value":{"error":"no such element","message":"An element could not be located on the page using the given search parameters","stacktrace":"io.appium.uiautomator2.common.exceptions.ElementNotFoundException: An element could not be located on the page using the given search parameters\n\tat io.appium.uiautomator2.handler.FindElement.safeHandle(FindElement.java:78)\n\tat io.appium.uiautomator2.handler.request.SafeRequestHandler.handle(SafeRequestHandler.java:38)\n\tat io.appium.uiautomator2.server.AppiumServlet.handleRequest(AppiumServlet.java:252)\n\tat io.appium.uiautomator2.server.AppiumServlet.handleHttpRequest(AppiumServlet.java:242)\n\tat io.appium.uiautomator2.http.ServerHandler.channelRead(ServerHandler.java:51)\n\tat io.netty.channel.AbstractChannelHandlerContext.invokeChannelRead(AbstractChannelHandlerContext.java:366)\n\tat io.netty.channel.AbstractChannelHandlerContext.invokeChannelRead(AbstractChannelHandlerContext.java:352)\n\tat io.netty.chann...
[debug] &amp#27;[35m[W3C]&amp#27;[39m Matched W3C error code 'no such element' to NoSuchElementError
[debug] &amp#27;[35m[BaseDriver]&amp#27;[39m Waited for 184 ms so far
[debug] &amp#27;[35m[WD Proxy]&amp#27;[39m Matched '/element' to command name 'findElement'
[debug] &amp#27;[35m[WD Proxy]&amp#27;[39m Proxying [POST /element] to [POST http://127.0.0.1:8200/wd/hub/session/019eb0b6-d38e-42ee-9fb0-7ffea49d45d4/element] with body: {"strategy":"id","selector":"com.androidsample.generalstore:id/nameField","context":"","multiple":false}
&amp#27;[35m[WD Proxy]&amp#27;[39m Got response with status 404: {"sessionId":"019eb0b6-d38e-42ee-9fb0-7ffea49d45d4","value":{"error":"no such element","message":"An element could not be located on the page using the given search parameters","stacktrace":"io.appium.uiautomator2.common.exceptions.ElementNotFoundException: An element could not be located on the page using the given search parameters\n\tat io.appium.uiautomator2.handler.FindElement.safeHandle(FindElement.java:78)\n\tat io.appium.uiautomator2.handler.request.SafeRequestHandler.handle(SafeRequestHandler.java:38)\n\tat io.appium.uiautomator2.server.AppiumServlet.handleRequest(AppiumServlet.java:252)\n\tat io.appium.uiautomator2.server.AppiumServlet.handleHttpRequest(AppiumServlet.java:242)\n\tat io.appium.uiautomator2.http.ServerHandler.channelRead(ServerHandler.java:51)\n\tat io.netty.channel.AbstractChannelHandlerContext.invokeChannelRead(AbstractChannelHandlerContext.java:366)\n\tat io.netty.channel.AbstractChannelHandlerContext.invokeChannelRead(AbstractChannelHandlerContext.java:352)\n\tat io.netty.chann...
[debug] &amp#27;[35m[W3C]&amp#27;[39m Matched W3C error code 'no such element' to NoSuchElementError
[debug] &amp#27;[35m[BaseDriver]&amp#27;[39m Waited for 716 ms so far
[debug] &amp#27;[35m[WD Proxy]&amp#27;[39m Matched '/element' to command name 'findElement'
[debug] &amp#27;[35m[WD Proxy]&amp#27;[39m Proxying [POST /element] to [POST http://127.0.0.1:8200/wd/hub/session/019eb0b6-d38e-42ee-9fb0-7ffea49d45d4/element] with body: {"strategy":"id","selector":"com.androidsample.generalstore:id/nameField","context":"","multiple":false}
&amp#27;[35m[WD Proxy]&amp#27;[39m Got response with status 404: {"sessionId":"019eb0b6-d38e-42ee-9fb0-7ffea49d45d4","value":{"error":"no such element","message":"An element could not be located on the page using the given search parameters","stacktrace":"io.appium.uiautomator2.common.exceptions.ElementNotFoundException: An element could not be located on the page using the given search parameters\n\tat io.appium.uiautomator2.handler.FindElement.safeHandle(FindElement.java:78)\n\tat io.appium.uiautomator2.handler.request.SafeRequestHandler.handle(SafeRequestHandler.java:38)\n\tat io.appium.uiautomator2.server.AppiumServlet.handleRequest(AppiumServlet.java:252)\n\tat io.appium.uiautomator2.server.AppiumServlet.handleHttpRequest(AppiumServlet.java:242)\n\tat io.appium.uiautomator2.http.ServerHandler.channelRead(ServerHandler.java:51)\n\tat io.netty.channel.AbstractChannelHandlerContext.invokeChannelRead(AbstractChannelHandlerContext.java:366)\n\tat io.netty.channel.AbstractChannelHandlerContext.invokeChannelRead(AbstractChannelHandlerContext.java:352)\n\tat io.netty.chann...
[debug] &amp#27;[35m[W3C]&amp#27;[39m Matched W3C error code 'no such element' to NoSuchElementError
[debug] &amp#27;[35m[BaseDriver]&amp#27;[39m Waited for 1251 ms so far
[debug] &amp#27;[35m[WD Proxy]&amp#27;[39m Matched '/element' to command name 'findElement'
[debug] &amp#27;[35m[WD Proxy]&amp#27;[39m Proxying [POST /element] to [POST http://127.0.0.1:8200/wd/hub/session/019eb0b6-d38e-42ee-9fb0-7ffea49d45d4/element] with body: {"strategy":"id","selector":"com.androidsample.generalstore:id/nameField","context":"","multiple":false}
&amp#27;[35m[WD Proxy]&amp#27;[39m Got response with status 404: {"sessionId":"019eb0b6-d38e-42ee-9fb0-7ffea49d45d4","value":{"error":"no such element","message":"An element could not be located on the page using the given search parameters","stacktrace":"io.appium.uiautomator2.common.exceptions.ElementNotFoundException: An element could not be located on the page using the given search parameters\n\tat io.appium.uiautomator2.handler.FindElement.safeHandle(FindElement.java:78)\n\tat io.appium.uiautomator2.handler.request.SafeRequestHandler.handle(SafeRequestHandler.java:38)\n\tat io.appium.uiautomator2.server.AppiumServlet.handleRequest(AppiumServlet.java:252)\n\tat io.appium.uiautomator2.server.AppiumServlet.handleHttpRequest(AppiumServlet.java:242)\n\tat io.appium.uiautomator2.http.ServerHandler.channelRead(ServerHandler.java:51)\n\tat io.netty.channel.AbstractChannelHandlerContext.invokeChannelRead(AbstractChannelHandlerContext.java:366)\n\tat io.netty.channel.AbstractChannelHandlerContext.invokeChannelRead(AbstractChannelHandlerContext.java:352)\n\tat io.netty.chann...
[debug] &amp#27;[35m[W3C]&amp#27;[39m Matched W3C error code 'no such element' to NoSuchElementError
[debug] &amp#27;[35m[BaseDriver]&amp#27;[39m Waited for 1789 ms so far
[debug] &amp#27;[35m[WD Proxy]&amp#27;[39m Matched '/element' to command name 'findElement'
[debug] &amp#27;[35m[WD Proxy]&amp#27;[39m Proxying [POST /element] to [POST http://127.0.0.1:8200/wd/hub/session/019eb0b6-d38e-42ee-9fb0-7ffea49d45d4/element] with body: {"strategy":"id","selector":"com.androidsample.generalstore:id/nameField","context":"","multiple":false}
[debug] &amp#27;[35m[WD Proxy]&amp#27;[39m Got response with status 200: {"sessionId":"019eb0b6-d38e-42ee-9fb0-7ffea49d45d4","value":{"ELEMENT":"9bf5f135-1a74-4ca5-95e5-0376d2f4690d","element-6066-11e4-a52e-4f735466cecf":"9bf5f135-1a74-4ca5-95e5-0376d2f4690d"}}
[debug] &amp#27;[35m[W3C (3fe7b4f6)]&amp#27;[39m Responding to client with driver.findElement() result: {"element-6066-11e4-a52e-4f735466cecf":"9bf5f135-1a74-4ca5-95e5-0376d2f4690d","ELEMENT":"9bf5f135-1a74-4ca5-95e5-0376d2f4690d"}
&amp#27;[35m[HTTP]&amp#27;[39m &amp#27;[37m<-- POST /wd/hub/session/3fe7b4f6-ce7b-42e1-94e3-e46bd6021f75/element &amp#27;[39m&amp#27;[32m200&amp#27;[39m &amp#27;[90m3094 ms - 137&amp#27;[39m
&amp#27;[35m[HTTP]&amp#27;[39m &amp#27;[90m&amp#27;[39m
&amp#27;[35m[HTTP]&amp#27;[39m &amp#27;[37m-->&amp#27;[39m &amp#27;[37mPOST&amp#27;[39m &amp#27;[37m/wd/hub/session/3fe7b4f6-ce7b-42e1-94e3-e46bd6021f75/element/9bf5f135-1a74-4ca5-95e5-0376d2f4690d/value&amp#27;[39m
&amp#27;[35m[HTTP]&amp#27;[39m &amp#27;[90m{"id":"9bf5f135-1a74-4ca5-95e5-0376d2f4690d","text":"hello","value":["h","e","l","l","o"]}&amp#27;[39m
[debug] &amp#27;[35m[W3C (3fe7b4f6)]&amp#27;[39m Calling AppiumDriver.setValue() with args: [["h","e","l","l","o"],"9bf5f135-1a74-4ca5-95e5-0376d2f4690d","3fe7b4f6-ce7b-42e1-94e3-e46bd6021f75"]
[debug] &amp#27;[35m[WD Proxy]&amp#27;[39m Matched '/element/9bf5f135-1a74-4ca5-95e5-0376d2f4690d/value' to command name 'setValue'
[debug] &amp#27;[35m[Protocol Converter]&amp#27;[39m Added 'value' property ["h","e","l","l","o"] to 'setValue' request body
[debug] &amp#27;[35m[WD Proxy]&amp#27;[39m Proxying [POST /element/9bf5f135-1a74-4ca5-95e5-0376d2f4690d/value] to [POST http://127.0.0.1:8200/wd/hub/session/019eb0b6-d38e-42ee-9fb0-7ffea49d45d4/element/9bf5f135-1a74-4ca5-95e5-0376d2f4690d/value] with body: {"elementId":"9bf5f135-1a74-4ca5-95e5-0376d2f4690d","text":"hello","replace":false,"value":["h","e","l","l","o"]}
[debug] &amp#27;[35m[WD Proxy]&amp#27;[39m Got response with status 200: {"sessionId":"019eb0b6-d38e-42ee-9fb0-7ffea49d45d4","value":null}
[debug] &amp#27;[35m[W3C (3fe7b4f6)]&amp#27;[39m Responding to client with driver.setValue() result: null
&amp#27;[35m[HTTP]&amp#27;[39m &amp#27;[37m<-- POST /wd/hub/session/3fe7b4f6-ce7b-42e1-94e3-e46bd6021f75/element/9bf5f135-1a74-4ca5-95e5-0376d2f4690d/value &amp#27;[39m&amp#27;[32m200&amp#27;[39m &amp#27;[90m570 ms - 14&amp#27;[39m
&amp#27;[35m[HTTP]&amp#27;[39m &amp#27;[90m&amp#27;[39m
&amp#27;[35m[HTTP]&amp#27;[39m &amp#27;[37m-->&amp#27;[39m &amp#27;[37mPOST&amp#27;[39m &amp#27;[37m/wd/hub/session/3fe7b4f6-ce7b-42e1-94e3-e46bd6021f75/appium/device/hide_keyboard&amp#27;[39m
&amp#27;[35m[HTTP]&amp#27;[39m &amp#27;[90m{}&amp#27;[39m
[debug] &amp#27;[35m[W3C (3fe7b4f6)]&amp#27;[39m Calling AppiumDriver.hideKeyboard() with args: [null,null,null,null,"3fe7b4f6-ce7b-42e1-94e3-e46bd6021f75"]
[debug] &amp#27;[35m[ADB]&amp#27;[39m Running 'C:\Users\Skycliff IT\AppData\Local\Android\Sdk\platform-tools\adb.exe -P 5037 -s emulator-5554 shell dumpsys input_method'
&amp#27;[35m[AndroidDriver]&amp#27;[39m Keyboard has no UI; no closing necessary
[debug] &amp#27;[35m[W3C (3fe7b4f6)]&amp#27;[39m Responding to client with driver.hideKeyboard() result: null
&amp#27;[35m[HTTP]&amp#27;[39m &amp#27;[37m<-- POST /wd/hub/session/3fe7b4f6-ce7b-42e1-94e3-e46bd6021f75/appium/device/hide_keyboard &amp#27;[39m&amp#27;[32m200&amp#27;[39m &amp#27;[90m266 ms - 14&amp#27;[39m
&amp#27;[35m[HTTP]&amp#27;[39m &amp#27;[90m&amp#27;[39m
&amp#27;[35m[HTTP]&amp#27;[39m &amp#27;[37m-->&amp#27;[39m &amp#27;[37mGET&amp#27;[39m &amp#27;[37m/wd/hub/session/3fe7b4f6-ce7b-42e1-94e3-e46bd6021f75/context&amp#27;[39m
&amp#27;[35m[HTTP]&amp#27;[39m &amp#27;[90m{}&amp#27;[39m
[debug] &amp#27;[35m[W3C (3fe7b4f6)]&amp#27;[39m Calling AppiumDriver.getCurrentContext() with args: ["3fe7b4f6-ce7b-42e1-94e3-e46bd6021f75"]
[debug] &amp#27;[35m[W3C (3fe7b4f6)]&amp#27;[39m Responding to client with driver.getCurrentContext() result: "NATIVE_APP"
&amp#27;[35m[HTTP]&amp#27;[39m &amp#27;[37m<-- GET /wd/hub/session/3fe7b4f6-ce7b-42e1-94e3-e46bd6021f75/context &amp#27;[39m&amp#27;[32m200&amp#27;[39m &amp#27;[90m2 ms - 22&amp#27;[39m
&amp#27;[35m[HTTP]&amp#27;[39m &amp#27;[90m&amp#27;[39m
&amp#27;[35m[HTTP]&amp#27;[39m &amp#27;[37m-->&amp#27;[39m &amp#27;[37mPOST&amp#27;[39m &amp#27;[37m/wd/hub/session/3fe7b4f6-ce7b-42e1-94e3-e46bd6021f75/element&amp#27;[39m
&amp#27;[35m[HTTP]&amp#27;[39m &amp#27;[90m{"using":"xpath","value":"//*[@text='Female']"}&amp#27;[39m
[debug] &amp#27;[35m[W3C (3fe7b4f6)]&amp#27;[39m Calling AppiumDriver.findElement() with args: ["xpath","//*[@text='Female']","3fe7b4f6-ce7b-42e1-94e3-e46bd6021f75"]
[debug] &amp#27;[35m[BaseDriver]&amp#27;[39m Valid locator strategies for this request: xpath, id, class name, accessibility id, -android uiautomator
[debug] &amp#27;[35m[BaseDriver]&amp#27;[39m Waiting up to 10000 ms for condition
[debug] &amp#27;[35m[WD Proxy]&amp#27;[39m Matched '/element' to command name 'findElement'
[debug] &amp#27;[35m[WD Proxy]&amp#27;[39m Proxying [POST /element] to [POST http://127.0.0.1:8200/wd/hub/session/019eb0b6-d38e-42ee-9fb0-7ffea49d45d4/element] with body: {"strategy":"xpath","selector":"//*[@text='Female']","context":"","multiple":false}
[debug] &amp#27;[35m[WD Proxy]&amp#27;[39m Got response with status 200: {"sessionId":"019eb0b6-d38e-42ee-9fb0-7ffea49d45d4","value":{"ELEMENT":"dd92eede-06e4-4926-8319-ee028e81a188","element-6066-11e4-a52e-4f735466cecf":"dd92eede-06e4-4926-8319-ee028e81a188"}}
[debug] &amp#27;[35m[W3C (3fe7b4f6)]&amp#27;[39m Responding to client with driver.findElement() result: {"element-6066-11e4-a52e-4f735466cecf":"dd92eede-06e4-4926-8319-ee028e81a188","ELEMENT":"dd92eede-06e4-4926-8319-ee028e81a188"}
&amp#27;[35m[HTTP]&amp#27;[39m &amp#27;[37m<-- POST /wd/hub/session/3fe7b4f6-ce7b-42e1-94e3-e46bd6021f75/element &amp#27;[39m&amp#27;[32m200&amp#27;[39m &amp#27;[90m501 ms - 137&amp#27;[39m
&amp#27;[35m[HTTP]&amp#27;[39m &amp#27;[90m&amp#27;[39m
&amp#27;[35m[HTTP]&amp#27;[39m &amp#27;[37m-->&amp#27;[39m &amp#27;[37mPOST&amp#27;[39m &amp#27;[37m/wd/hub/session/3fe7b4f6-ce7b-42e1-94e3-e46bd6021f75/element/dd92eede-06e4-4926-8319-ee028e81a188/click&amp#27;[39m
&amp#27;[35m[HTTP]&amp#27;[39m &amp#27;[90m{"id":"dd92eede-06e4-4926-8319-ee028e81a188"}&amp#27;[39m
[debug] &amp#27;[35m[W3C (3fe7b4f6)]&amp#27;[39m Calling AppiumDriver.click() with args: ["dd92eede-06e4-4926-8319-ee028e81a188","3fe7b4f6-ce7b-42e1-94e3-e46bd6021f75"]
[debug] &amp#27;[35m[WD Proxy]&amp#27;[39m Matched '/element/dd92eede-06e4-4926-8319-ee028e81a188/click' to command name 'click'
[debug] &amp#27;[35m[WD Proxy]&amp#27;[39m Proxying [POST /element/dd92eede-06e4-4926-8319-ee028e81a188/click] to [POST http://127.0.0.1:8200/wd/hub/session/019eb0b6-d38e-42ee-9fb0-7ffea49d45d4/element/dd92eede-06e4-4926-8319-ee028e81a188/click] with body: {"element":"dd92eede-06e4-4926-8319-ee028e81a188"}
[debug] &amp#27;[35m[WD Proxy]&amp#27;[39m Got response with status 200: {"sessionId":"019eb0b6-d38e-42ee-9fb0-7ffea49d45d4","value":null}
[debug] &amp#27;[35m[W3C (3fe7b4f6)]&amp#27;[39m Responding to client with driver.click() result: null
&amp#27;[35m[HTTP]&amp#27;[39m &amp#27;[37m<-- POST /wd/hub/session/3fe7b4f6-ce7b-42e1-94e3-e46bdSelecting the option from dropdown
6021f75/element/dd92eede-06e4-4926-8319-ee028e81a188/click &amp#27;[39m&amp#27;[32m200&amp#27;[39m &amp#27;[90m75 ms - 14&amp#27;[39m
&amp#27;[35m[HTTP]&amp#27;[39m &amp#27;[90m&amp#27;[39m
&amp#27;[35m[HTTP]&amp#27;[39m &amp#27;[37m-->&amp#27;[39m &amp#27;[37mGET&amp#27;[39m &amp#27;[37m/wd/hub/session/3fe7b4f6-ce7b-42e1-94e3-e46bd6021f75/context&amp#27;[39m
&amp#27;[35m[HTTP]&amp#27;[39m &amp#27;[90m{}&amp#27;[39m
[debug] &amp#27;[35m[W3C (3fe7b4f6)]&amp#27;[39m Calling AppiumDriver.getCurrentContext() with args: ["3fe7b4f6-ce7b-42e1-94e3-e46bd6021f75"]
[debug] &amp#27;[35m[W3C (3fe7b4f6)]&amp#27;[39m Responding to client with driver.getCurrentContext() result: "NATIVE_APP"
&amp#27;[35m[HTTP]&amp#27;[39m &amp#27;[37m<-- GET /wd/hub/session/3fe7b4f6-ce7b-42e1-94e3-e46bd6021f75/context &amp#27;[39m&amp#27;[32m200&amp#27;[39m &amp#27;[90m2 ms - 22&amp#27;[39m
&amp#27;[35m[HTTP]&amp#27;[39m &amp#27;[90m&amp#27;[39m
&amp#27;[35m[HTTP]&amp#27;[39m &amp#27;[37m-->&amp#27;[39m &amp#27;[37mPOST&amp#27;[39m &amp#27;[37m/wd/hub/session/3fe7b4f6-ce7b-42e1-94e3-e46bd6021f75/element&amp#27;[39m
&amp#27;[35m[HTTP]&amp#27;[39m &amp#27;[90m{"using":"id","value":"android:id/text1"}&amp#27;[39m
[debug] &amp#27;[35m[W3C (3fe7b4f6)]&amp#27;[39m Calling AppiumDriver.findElement() with args: ["id","android:id/text1","3fe7b4f6-ce7b-42e1-94e3-e46bd6021f75"]
[debug] &amp#27;[35m[BaseDriver]&amp#27;[39m Valid locator strategies for this request: xpath, id, class name, accessibility id, -android uiautomator
[debug] &amp#27;[35m[BaseDriver]&amp#27;[39m Waiting up to 10000 ms for condition
[debug] &amp#27;[35m[WD Proxy]&amp#27;[39m Matched '/element' to command name 'findElement'
[debug] &amp#27;[35m[WD Proxy]&amp#27;[39m Proxying [POST /element] to [POST http://127.0.0.1:8200/wd/hub/session/019eb0b6-d38e-42ee-9fb0-7ffea49d45d4/element] with body: {"strategy":"id","selector":"android:id/text1","context":"","multiple":false}
[debug] &amp#27;[35m[WD Proxy]&amp#27;[39m Got response with status 200: {"sessionId":"019eb0b6-d38e-42ee-9fb0-7ffea49d45d4","value":{"ELEMENT":"0fca5e90-6653-4619-a81a-f120523ed033","element-6066-11e4-a52e-4f735466cecf":"0fca5e90-6653-4619-a81a-f120523ed033"}}
[debug] &amp#27;[35m[W3C (3fe7b4f6)]&amp#27;[39m Responding to client with driver.findElement() result: {"element-6066-11e4-a52e-4f735466cecf":"0fca5e90-6653-4619-a81a-f120523ed033","ELEMENT":"0fca5e90-6653-4619-a81a-f120523ed033"}
&amp#27;[35m[HTTP]&amp#27;[39m &amp#27;[37m<-- POST /wd/hub/session/3fe7b4f6-ce7b-42e1-94e3-e46bd6021f75/element &amp#27;[39m&amp#27;[32m200&amp#27;[39m &amp#27;[90m397 ms - 137&amp#27;[39m
&amp#27;[35m[HTTP]&amp#27;[39m &amp#27;[90m&amp#27;[39m
&amp#27;[35m[HTTP]&amp#27;[39m &amp#27;[37m-->&amp#27;[39m &amp#27;[37mPOST&amp#27;[39m &amp#27;[37m/wd/hub/session/3fe7b4f6-ce7b-42e1-94e3-e46bd6021f75/element/0fca5e90-6653-4619-a81a-f120523ed033/click&amp#27;[39m
&amp#27;[35m[HTTP]&amp#27;[39m &amp#27;[90m{"id":"0fca5e90-6653-4619-a81a-f120523ed033"}&amp#27;[39m
[debug] &amp#27;[35m[W3C (3fe7b4f6)]&amp#27;[39m Calling AppiumDriver.click() with args: ["0fca5e90-6653-4619-a81a-f120523ed033","3fe7b4f6-ce7b-42e1-94e3-e46bd6021f75"]
[debug] &amp#27;[35m[WD Proxy]&amp#27;[39m Matched '/element/0fca5e90-6653-4619-a81a-f120523ed033/click' to command name 'click'
[debug] &amp#27;[35m[WD Proxy]&amp#27;[39m Proxying [POST /element/0fca5e90-6653-4619-a81a-f120523ed033/click] to [POST http://127.0.0.1:8200/wd/hub/session/019eb0b6-d38e-42ee-9fb0-7ffea49d45d4/element/0fca5e90-6653-4619-a81a-f120523ed033/click] with body: {"element":"0fca5e90-6653-4619-a81a-f120523ed033"}
[debug] &amp#27;[35m[WD Proxy]&amp#27;[39m Got response with status 200: {"sessionId":"019eb0b6-d38e-42ee-9fb0-7ffea49d45d4","value":null}
[debug] &amp#27;[35m[W3C (3fe7b4f6)]&amp#27;[39m Responding to client with driver.click() result: null
&amp#27;[35m[HTTP]&amp#27;[39m &amp#27;[37m<-- POST /wd/hub/session/3fe7b4f6-ce7b-42e1-94e3-e46bd6021f75/element/0fca5e90-6653-4619-a81a-f120523ed033/click &amp#27;[39m&amp#27;[32m200&amp#27;[39m &amp#27;[90m151 ms - 14&amp#27;[39m
&amp#27;[35m[HTTP]&amp#27;[39m &amp#27;[90m&amp#27;[39m
&amp#27;[35m[HTTP]&amp#27;[39m &amp#27;[37m-->&amp#27;[39m &amp#27;[37mPOST&amp#27;[39m &amp#27;[37m/wd/hub/session/3fe7b4f6-ce7b-42e1-94e3-e46bd6021f75/element&amp#27;[39m
&amp#27;[35m[HTTP]&amp#27;[39m &amp#27;[90m{"using":"-android uiautomator","value":"new UiScrollable(new UiSelector()).scrollIntoView(text(\"Argentina\"));"}&amp#27;[39m
[debug] &amp#27;[35m[W3C (3fe7b4f6)]&amp#27;[39m Calling AppiumDriver.findElement() with args: ["-android uiautomator","new UiScrollable(new UiSelector()).scrollIntoView(text(\"Argentina\"));","3fe7b4f6-ce7b-42e1-94e3-e46bd6021f75"]
[debug] &amp#27;[35m[BaseDriver]&amp#27;[39m Valid locator strategies for this request: xpath, id, class name, accessibility id, -android uiautomator
[debug] &amp#27;[35m[BaseDriver]&amp#27;[39m Waiting up to 10000 ms for condition
[debug] &amp#27;[35m[WD Proxy]&amp#27;[39m Matched '/element' to command name 'findElement'
[debug] &amp#27;[35m[WD Proxy]&amp#27;[39m Proxying [POST /element] to [POST http://127.0.0.1:8200/wd/hub/session/019eb0b6-d38e-42ee-9fb0-7ffea49d45d4/element] with body: {"strategy":"-android uiautomator","selector":"new UiScrollable(new UiSelector()).scrollIntoView(text(\"Argentina\"));","context":"","multiple":false}
[debug] &amp#27;[35m[WD Proxy]&amp#27;[39m Got response with status 200: {"sessionId":"019eb0b6-d38e-42ee-9fb0-7ffea49d45d4","value":{"ELEMENT":"dac131a6-56ea-4c90-9c88-762f995ff2ec","element-6066-11e4-a52e-4f735466cecf":"dac131a6-56ea-4c90-9c88-762f995ff2ec"}}
[debug] &amp#27;[35m[W3C (3fe7b4f6)]&amp#27;[39m Responding to client with driver.findElement() result: {"element-6066-11e4-a52e-4f735466cecf":"dac131a6-56ea-4c90-9c88-762f995ff2ec","ELEMENT":"dac131a6-56ea-4c90-9c88-762f995ff2ec"}
&amp#27;[35m[HTTP]&amp#27;[39m &amp#27;[37m<-- POST /wd/hub/session/3fe7b4f6-ce7b-42e1-94e3-e46bd6021f75/element &amp#27;[39m&amp#27;[32m200&amp#27;[39m &amp#27;[90m4946 ms - 137&amp#27;[39m
&amp#27;[35m[HTTP]&amp#27;[39m &amp#27;[90m&amp#27;[39m
&amp#27;[35m[HTTP]&amp#27;[39m &amp#27;[37m-->&amp#27;[39m &amp#27;[37mPOST&amp#27;[39m &amp#27;[37m/wd/hub/session/3fe7b4f6-ce7b-42e1-94e3-e46bd6021f75/element&amp#27;[39m
&amp#27;[35m[HTTP]&amp#27;[39m &amp#27;[90m{"using":"xpath","value":"//*[@text='Argentina']"}&amp#27;[39m
[debug] &amp#27;[35m[W3C (3fe7b4f6)]&amp#27;[39m Calling AppiumDriver.findElement() with args: ["xpath","//*[@text='Argentina']","3fe7b4f6-ce7b-42e1-94e3-e46bd6021f75"]
[debug] &amp#27;[35m[BaseDriver]&amp#27;[39m Valid locator strategies for this request: xpath, id, class name, accessibility id, -android uiautomator
[debug] &amp#27;[35m[BaseDriver]&amp#27;[39m Waiting up to 10000 ms for condition
[debug] &amp#27;[35m[WD Proxy]&amp#27;[39m Matched '/element' to command name 'findElement'
[debug] &amp#27;[35m[WD Proxy]&amp#27;[39m Proxying [POST /element] to [POST http://127.0.0.1:8200/wd/hub/session/019eb0b6-d38e-42ee-9fb0-7ffea49d45d4/element] with body: {"strategy":"xpath","selector":"//*[@text='Argentina']","context":"","multiple":false}
[debug] &amp#27;[35m[WD Proxy]&amp#27;[39m Got response with status 200: {"sessionId":"019eb0b6-d38e-42ee-9fb0-7ffea49d45d4","value":{"ELEMENT":"a9b6ad80-b127-466c-9e76-ccbd4ba6d728","element-6066-11e4-a52e-4f735466cecf":"a9b6ad80-b127-466c-9e76-ccbd4ba6d728"}}
[debug] &amp#27;[35m[W3C (3fe7b4f6)]&amp#27;[39m Responding to client with driver.findElement() result: {"element-6066-11e4-a52e-4f735466cecf":"a9b6ad80-b127-466c-9e76-ccbd4ba6d728","ELEMENT":"a9b6ad80-b127-466c-9e76-ccbd4ba6d728"}
&amp#27;[35m[HTTP]&amp#27;[39m &amp#27;[37m<-- POST /wd/hub/session/3fe7b4f6-ce7b-42e1-94e3-e46bd6021f75/element &amp#27;[39m&amp#27;[32m200&amp#27;[39m &amp#27;[90m128 ms - 137&amp#27;[39m
&amp#27;[35m[HTTP]&amp#27;[39m &amp#27;[90m&amp#27;[39m
&amp#27;[35m[HTTP]&amp#27;[39m &amp#27;[37m-->&amp#27;[39m &amp#27;[37mPOST&amp#27;[39m &amp#27;[37m/wd/hub/session/3fe7b4f6-ce7b-42e1-94e3-e46bd6021f75/element/a9b6ad80-b127-466c-9e76-ccbd4ba6d728/click&amp#27;[39m
&amp#27;[35m[HTTP]&amp#27;[39m &amp#27;[90m{"id":"a9b6ad80-b127-466c-9e76-ccbd4ba6d728"}&amp#27;[39m
[debug] &amp#27;[35m[W3C (3fe7b4f6)]&amp#27;[39m Calling AppiumDriver.click() with args: ["a9b6ad80-b127-466c-9e76-ccbd4ba6d728","3fe7b4f6-ce7b-42e1-94e3-e46bd6021f75"]
[debug] &amp#27;[35m[WD Proxy]&amp#27;[39m Matched '/element/a9b6ad80-b127-466c-9e76-ccbd4ba6d728/click' to command name 'click'
[debug] &amp#27;[35m[WD Proxy]&amp#27;[39m Proxying [POST /element/a9b6ad80-b127-466c-9e76-ccbd4ba6d728/click] to [POST http://127.0.0.1:8200/wd/hub/session/019eb0b6-d38e-42ee-9fb0-7ffea49d45d4/element/a9b6ad80-b127-466c-9e76-ccbd4ba6d728/click] with body: {"element":"a9b6ad80-b127-466c-9e76-ccbd4ba6d728"}
[debug] &amp#27;[35m[WD Proxy]&amp#27;[39m Got response with status 200: {"sessionId":"019eb0b6-d38e-42ee-9fb0-7ffea49d45d4","value":null}
[debug] &amp#27;[35m[W3C (3fe7b4f6)]&amp#27;[39m Responding to client with driver.click() result: null
&amp#27;[35m[HTTP]&amp#27;[39m &amp#27;[37m<-- POST /wd/hub/session/3fe7b4f6-ce7b-42e1-94e3-e46bd6021f75/element/a9b6ad80-b127-466c-9e76-ccbd4ba6d728/click &amp#27;[39m&amp#27;[32m200&amp#27;[39m &amp#27;[90m688 ms - 14&amp#27;[39m
&amp#27;[35m[HTTP]&amp#27;[39m &amp#27;[90m&amp#27;[39m
&amp#27;[35m[HTTP]&amp#27;[39m &amp#27;[37m-->&amp#27;[39m &amp#27;[37mPOST&amp#27;[39m &amp#27;[37m/wd/hub/session/3fe7b4f6-ce7b-42e1-94e3-e46bd6021f75/element&amp#27;[39m
&amp#27;[35m[HTTP]&amp#27;[39m &amp#27;[90m{"using":"id","value":"com.androidsample.generalstore:id/btnLetsShop"}&amp#27;[39m
[debug] &amp#27;[35m[W3C (3fe7b4f6)]&amp#27;[39m Calling AppiumDriver.findElement() with args: ["id","com.androidsample.generalstore:id/btnLetsShop","3fe7b4f6-ce7b-42e1-94e3-e46bd6021f75"]
[debug] &amp#27;[35m[BaseDriver]&amp#27;[39m Valid locator strategies for this request: xpath, id, class name, accessibility id, -android uiautomator
[debug] &amp#27;[35m[BaseDriver]&amp#27;[39m Waiting up to 10000 ms for condition
[debug] &amp#27;[35m[WD Proxy]&amp#27;[39m Matched '/element' to command name 'findElement'
[debug] &amp#27;[35m[WD Proxy]&amp#27;[39m Proxying [POST /element] to [POST http://127.0.0.1:8200/wd/hub/session/019eb0b6-d38e-42ee-9fb0-7ffea49d45d4/element] with body: {"strategy":"id","selector":"com.androidsample.generalstore:id/btnLetsShop","context":"","multiple":false}
[debug] &amp#27;[35m[WD Proxy]&amp#27;[39m Got response with status 200: {"sessionId":"019eb0b6-d38e-42ee-9fb0-7ffea49d45d4","value":{"ELEMENT":"f6db6526-cf3f-4fa0-bbfa-97520b5a8f50","element-6066-11e4-a52e-4f735466cecf":"f6db6526-cf3f-4fa0-bbfa-97520b5a8f50"}}
[debug] &amp#27;[35m[W3C (3fe7b4f6)]&amp#27;[39m Responding to client with driver.findElement() result: {"element-6066-11e4-a52e-4f735466cecf":"f6db6526-cf3f-4fa0-bbfa-97520b5a8f50","ELEMENT":"f6db6526-cf3f-4fa0-bbfa-97520b5a8f50"}
&amp#27;[35m[HTTP]&amp#27;[39m &amp#27;[37m<-- POST /wd/hub/session/3fe7b4f6-ce7b-42e1-94e3-e46bd6021f75/element &amp#27;[39m&amp#27;[32m200&amp#27;[39m &amp#27;[90m46 ms - 137&amp#27;[39m
&amp#27;[35m[HTTP]&amp#27;[39m &amp#27;[90m&amp#27;[39m
&amp#27;[35m[HTTP]&amp#27;[39m &amp#27;[37m-->&amp#27;[39m &amp#27;[37mPOST&amp#27;[39m &amp#27;[37m/wd/hub/session/3fe7b4f6-ce7b-42e1-94e3-e46bd6021f75/element/f6db6526-cf3f-4fa0-bbfa-97520b5a8f50/click&amp#27;[39m
&amp#27;[35m[HTTP]&amp#27;[39m &amp#27;[90m{"id":"f6db6526-cf3f-4fa0-bbfa-97520b5a8f50"}&amp#27;[39m
[debug] &amp#27;[35m[W3C (3fe7b4f6)]&amp#27;[39m Calling AppiumDriver.click() with args: ["f6db6526-cf3f-4fa0-bbfa-97520b5a8f50","3fe7b4f6-ce7b-42e1-94e3-e46bd6021f75"]
[debug] &amp#27;[35m[WD Proxy]&amp#27;[39m Matched '/element/f6db6526-cf3f-4fa0-bbfa-97520b5a8f50/click' to command name 'click'
[debug] &amp#27;[35m[WD Proxy]&amp#27;[39m Proxying [POST /element/f6db6526-cf3f-4fa0-bbfa-97520b5a8f50/click] to [POST http://127.0.0.1:8200/wd/hub/session/019eb0b6-d38e-42ee-9fb0-7ffea49d45d4/element/f6db6526-cf3f-4fa0-bbfa-97520b5a8f50/click] with body: {"element":"f6db6526-cf3f-4fa0-bbfa-97520b5a8f50"}
[debug] &amp#27;[35m[WD Proxy]&amp#27;[39m Got response with status 200: {"sessionId":"019eb0b6-d38e-42ee-9fb0-7ffea49d45d4","value":null}
[debug] &amp#27;[35m[W3C (3fe7b4f6)]&amp#27;[39m Responding to client with driver.click() result: null
&amp#27;[35m[HTTP]&amp#27;[39m &amp#27;[37m<-- POST /wd/hub/session/3fe7b4f6-ce7b-42e1-94e3-e46bd6021f75/element/f6db6526-cf3f-4fa0-bbfa-97520b5a8f50/click &amp#27;[39m&amp#27;[32m200&amp#27;[39m &amp#27;[90m79 ms - 14&amp#27;[39m
&amp#27;[35m[HTTP]&amp#27;[39m &amp#27;[90m&amp#27;[39m
&amp#27;[35m[HTTP]&amp#27;[39m &amp#27;[37m-->&amp#27;[39m &amp#27;[37mPOST&amp#27;[39m &amp#27;[37m/wd/hub/session/3fe7b4f6-ce7b-42e1-94e3-e46bd6021f75/elements&amp#27;[39m
&amp#27;[35m[HTTP]&amp#27;[39m &amp#27;[90m{"using":"xpath","value":"//*[@text='ADD TO CART']"}&amp#27;[39m
[debug] &amp#27;[35m[W3C (3fe7b4f6)]&amp#27;[39m Calling AppiumDriver.findElements() with args: ["xpath","//*[@text='ADD TO CART']","3fe7b4f6-ce7b-42e1-94e3-e46bd6021f75"]
[debug] &amp#27;[35m[BaseDriver]&amp#27;[39m Valid locator strategies for this request: xpath, id, class name, accessibility id, -android uiautomator
[debug] &amp#27;[35m[BaseDriver]&amp#27;[39m Waiting up to 10000 ms for condition
[debug] &amp#27;[35m[WD Proxy]&amp#27;[39m Matched '/elements' to command name 'findElements'
[debug] &amp#27;[35m[WD Proxy]&amp#27;[39m Proxying [POST /elements] to [POST http://127.0.0.1:8200/wd/hub/session/019eb0b6-d38e-42ee-9fb0-7ffea49d45d4/elements] with body: {"strategy":"xpath","selector":"//*[@text='ADD TO CART']","context":"","multiple":true}
[debug] &amp#27;[35m[WD Proxy]&amp#27;[39m Got response with status 200: {"sessionId":"019eb0b6-d38e-42ee-9fb0-7ffea49d45d4","value":[]}
[debug] &amp#27;[35m[BaseDriver]&amp#27;[39m Waited for 443 ms so far
[debug] &amp#27;[35m[WD Proxy]&amp#27;[39m Matched '/elements' to command name 'findElements'
[debug] &amp#27;[35m[WD Proxy]&amp#27;[39m Proxying [POST /elements] to [POST http://127.0.0.1:8200/wd/hub/session/019eb0b6-d38e-42ee-9fb0-7ffea49d45d4/elements] with body: {"strategy":"xpath","selector":"//*[@text='ADD TO CART']","context":"","multiple":true}
[debug] &amp#27;[35m[WD Proxy]&amp#27;[39m Got response with status 200: {"sessionId":"019eb0b6-d38e-42ee-9fb0-7ffea49d45d4","value":[{"ELEMENT":"4d2d9860-164b-478c-9c19-f952a558e66f","element-6066-11e4-a52e-4f735466cecf":"4d2d9860-164b-478c-9c19-f952a558e66f"},{"ELEMENT":"894d5f30-edd4-4295-a92b-123912c9e820","element-6066-11e4-a52e-4f735466cecf":"894d5f30-edd4-4295-a92b-123912c9e820"}]}
[debug] &amp#27;[35m[W3C (3fe7b4f6)]&amp#27;[39m Responding to client with driver.findElements() result: [{"element-6066-11e4-a52e-4f735466cecf":"4d2d9860-164b-478c-9c19-f952a558e66f","ELEMENT":"4d2d9860-164b-478c-9c19-f952a558e66f"},{"element-6066-11e4-a52e-4f735466cecf":"894d5f30-edd4-4295-a92b-123912c9e820","ELEMENT":"894d5f30-edd4-4295-a92b-123912c9e820"}]
&amp#27;[35m[HTTP]&amp#27;[39m &amp#27;[37m<-- POST /wd/hub/session/3fe7b4f6-ce7b-42e1-94e3-e46bd6021f75/elements &amp#27;[39m&amp#27;[32m200&amp#27;[39m &amp#27;[90m1374 ms - 267&amp#27;[39m
&amp#27;[35m[HTTP]&amp#27;[39m &amp#27;[90m&amp#27;[39m
&amp#27;[35m[HTTP]&amp#27;[39m &amp#27;[37m-->&amp#27;[39m &amp#27;[37mPOST&amp#27;[39m &amp#27;[37m/wd/hub/session/3fe7b4f6-ce7b-42e1-94e3-e46bd6021f75/element/4d2d9860-164b-478c-9c19-f952a558e66f/click&amp#27;[39m
&amp#27;[35m[HTTP]&amp#27;[39m &amp#27;[90m{"id":"4d2d9860-164b-478c-9c19-f952a558e66f"}&amp#27;[39m
[debug] &amp#27;[35m[W3C (3fe7b4f6)]&amp#27;[39m Calling AppiumDriver.click() with args: ["4d2d9860-164b-478c-9c19-f952a558e66f","3fe7b4f6-ce7b-42e1-94e3-e46bd6021f75"]
[debug] &amp#27;[35m[WD Proxy]&amp#27;[39m Matched '/element/4d2d9860-164b-478c-9c19-f952a558e66f/click' to command name 'click'
[debug] &amp#27;[35m[WD Proxy]&amp#27;[39m Proxying [POST /element/4d2d9860-164b-478c-9c19-f952a558e66f/click] to [POST http://127.0.0.1:8200/wd/hub/session/019eb0b6-d38e-42ee-9fb0-7ffea49d45d4/element/4d2d9860-164b-478c-9c19-f952a558e66f/click] with body: {"element":"4d2d9860-164b-478c-9c19-f952a558e66f"}
[debug] &amp#27;[35m[WD Proxy]&amp#27;[39m Got response with status 200: {"sessionId":"019eb0b6-d38e-42ee-9fb0-7ffea49d45d4","value":null}
[debug] &amp#27;[35m[W3C (3fe7b4f6)]&amp#27;[39m Responding to client with driver.click() result: null
&amp#27;[35m[HTTP]&amp#27;[39m &amp#27;[37m<-- POST /wd/hub/session/3fe7b4f6-ce7b-42e1-94e3-e46bd6021f75/element/4d2d9860-164b-478c-9c19-f952a558e66f/click &amp#27;[39m&amp#27;[32m200&amp#27;[39m &amp#27;[90m553 ms - 14&amp#27;[39m
&amp#27;[35m[HTTP]&amp#27;[39m &amp#27;[90m&amp#27;[39m
&amp#27;[35m[HTTP]&amp#27;[39m &amp#27;[37m-->&amp#27;[39m &amp#27;[37mPOST&amp#27;[39m &amp#27;[37m/wd/hub/session/3fe7b4f6-ce7b-42e1-94e3-e46bd6021f75/elements&amp#27;[39m
&amp#27;[35m[HTTP]&amp#27;[39m &amp#27;[90m{"using":"xpath","value":"//*[@text='ADD TO CART']"}&amp#27;[39m
[debug] &amp#27;[35m[W3C (3fe7b4f6)]&amp#27;[39m Calling AppiumDriver.findElements() with args: ["xpath","//*[@text='ADD TO CART']","3fe7b4f6-ce7b-42e1-94e3-e46bd6021f75"]
[debug] &amp#27;[35m[BaseDriver]&amp#27;[39m Valid locator strategies for this request: xpath, id, class name, accessibility id, -android uiautomator
[debug] &amp#27;[35m[BaseDriver]&amp#27;[39m Waiting up to 10000 ms for condition
[debug] &amp#27;[35m[WD Proxy]&amp#27;[39m Matched '/elements' to command name 'findElements'
[debug] &amp#27;[35m[WD Proxy]&amp#27;[39m Proxying [POST /elements] to [POST http://127.0.0.1:8200/wd/hub/session/019eb0b6-d38e-42ee-9fb0-7ffea49d45d4/elements] with body: {"strategy":"xpath","selector":"//*[@text='ADD TO CART']","context":"","multiple":true}
[debug] &amp#27;[35m[WD Proxy]&amp#27;[39m Got response with status 200: {"sessionId":"019eb0b6-d38e-42ee-9fb0-7ffea49d45d4","value":[{"ELEMENT":"8fae708c-c303-41fd-8100-dc289b1e156f","element-6066-11e4-a52e-4f735466cecf":"8fae708c-c303-41fd-8100-dc289b1e156f"}]}
[debug] &amp#27;[35m[W3C (3fe7b4f6)]&amp#27;[39m Responding to client with driver.findElements() result: [{"element-6066-11e4-a52e-4f735466cecf":"8fae708c-c303-41fd-8100-dc289b1e156f","ELEMENT":"8fae708c-c303-41fd-8100-dc289b1e156f"}]
&amp#27;[35m[HTTP]&amp#27;[39m &amp#27;[37m<-- POST /wd/hub/session/3fe7b4f6-ce7b-42e1-94e3-e46bd6021f75/elements &amp#27;[39m&amp#27;[32m200&amp#27;[39m &amp#27;[90m327 ms - 139&amp#27;[39m
&amp#27;[35m[HTTP]&amp#27;[39m &amp#27;[90m&amp#27;[39m
&amp#27;[35m[HTTP]&amp#27;[39m &amp#27;[37m-->&amp#27;[39m &amp#27;[37mPOST&amp#27;[39m &amp#27;[37m/wd/hub/session/3fe7b4f6-ce7b-42e1-94e3-e46bd6021f75/element/8fae708c-c303-41fd-8100-dc289b1e156f/click&amp#27;[39m
&amp#27;[35m[HTTP]&amp#27;[39m &amp#27;[90m{"id":"8fae708c-c303-41fd-8100-dc289b1e156f"}&amp#27;[39m
[debug] &amp#27;[35m[W3C (3fe7b4f6)]&amp#27;[39m Calling AppiumDriver.click() with args: ["8fae708c-c303-41fd-8100-dc289b1e156f","3fe7b4f6-ce7b-42e1-94e3-e46bd6021f75"]
[debug] &amp#27;[35m[WD Proxy]&amp#27;[39m Matched '/element/8fae708c-c303-41fd-8100-dc289b1e156f/click' to command name 'click'
[debug] &amp#27;[35m[WD Proxy]&amp#27;[39m Proxying [POST /element/8fae708c-c303-41fd-8100-dc289b1e156f/click] to [POST http://127.0.0.1:8200/wd/hub/session/019eb0b6-d38e-42ee-9fb0-7ffea49d45d4/element/8fae708c-c303-41fd-8100-dc289b1e156f/click] with body: {"element":"8fae708c-c303-41fd-8100-dc289b1e156f"}
[debug] &amp#27;[35m[WD Proxy]&amp#27;[39m Got response with status 200: {"sessionId":"019eb0b6-d38e-42ee-9fb0-7ffea49d45d4","value":null}
[debug] &amp#27;[35m[W3C (3fe7b4f6)]&amp#27;[39m Responding to client with driver.click() result: null
&amp#27;[35m[HTTP]&amp#27;[39m &amp#27;[37m<-- POST /wd/hub/session/3fe7b4f6-ce7b-42e1-94e3-e46bd6021f75/element/8fae708c-c303-41fd-8100-dc289b1e156f/click &amp#27;[39m&amp#27;[32m200&amp#27;[39m &amp#27;[90m83 ms - 14&amp#27;[39m
&amp#27;[35m[HTTP]&amp#27;[39m &amp#27;[90m&amp#27;[39m
&amp#27;[35m[HTTP]&amp#27;[39m &amp#27;[37m-->&amp#27;[39m &amp#27;[37mPOST&amp#27;[39m &amp#27;[37m/wd/hub/session/3fe7b4f6-ce7b-42e1-94e3-e46bd6021f75/element&amp#27;[39m
&amp#27;[35m[HTTP]&amp#27;[39m &amp#27;[90m{"using":"id","value":"com.androidsample.generalstore:id/appbar_btn_cart"}&amp#27;[39m
[debug] &amp#27;[35m[W3C (3fe7b4f6)]&amp#27;[39m Calling AppiumDriver.findElement() with args: ["id","com.androidsample.generalstore:id/appbar_btn_cart","3fe7b4f6-ce7b-42e1-94e3-e46bd6021f75"]
[debug] &amp#27;[35m[BaseDriver]&amp#27;[39m Valid locator strategies for this request: xpath, id, class name, accessibility id, -android uiautomator
[debug] &amp#27;[35m[BaseDriver]&amp#27;[39m Waiting up to 10000 ms for condition
[debug] &amp#27;[35m[WD Proxy]&amp#27;[39m Matched '/element' to command name 'findElement'
[debug] &amp#27;[35m[WD Proxy]&amp#27;[39m Proxying [POST /element] to [POST http://127.0.0.1:8200/wd/hub/session/019eb0b6-d38e-42ee-9fb0-7ffea49d45d4/element] with body: {"strategy":"id","selector":"com.androidsample.generalstore:id/appbar_btn_cart","context":"","multiple":false}
[debug] &amp#27;[35m[WD Proxy]&amp#27;[39m Got response with status 200: {"sessionId":"019eb0b6-d38e-42ee-9fb0-7ffea49d45d4","value":{"ELEMENT":"c57aa1c8-e299-49be-b0ef-dd7fdd33d243","element-6066-11e4-a52e-4f735466cecf":"c57aa1c8-e299-49be-b0ef-dd7fdd33d243"}}
[debug] &amp#27;[35m[W3C (3fe7b4f6)]&amp#27;[39m Responding to client with driver.findElement() result: {"element-6066-11e4-a52e-4f735466cecf":"c57aa1c8-e299-49be-b0ef-dd7fdd33d243","ELEMENT":"c57aa1c8-e299-49be-b0ef-dd7fdd33d243"}
&amp#27;[35m[HTTP]&amp#27;[39m &amp#27;[37m<-- POST /wd/hub/session/3fe7b4f6-ce7b-42e1-94e3-e46bd6021f75/element &amp#27;[39m&amp#27;[32m200&amp#27;[39m &amp#27;[90m498 ms - 137&amp#27;[39m
&amp#27;[35m[HTTP]&amp#27;[39m &amp#27;[90m&amp#27;[39m
&amp#27;[35m[HTTP]&amp#27;[39m &amp#27;[37m-->&amp#27;[39m &amp#27;[37mPOST&amp#27;[39m &amp#27;[37m/wd/hub/session/3fe7b4f6-ce7b-42e1-94e3-e46bd6021f75/element/c57aa1c8-e299-49be-b0ef-dd7fdd33d243/click&amp#27;[39m
&amp#27;[35m[HTTP]&amp#27;[39m &amp#27;[90m{"id":"c57aa1c8-e299-49be-b0ef-dd7fdd33d243"}&amp#27;[39m
[debug] &amp#27;[35m[W3C (3fe7b4f6)]&amp#27;[39m Calling AppiumDriver.click() with args: ["c57aa1c8-e299-49be-b0ef-dd7fdd33d243","3fe7b4f6-ce7b-42e1-94e3-e46bd6021f75"]
[debug] &amp#27;[35m[WD Proxy]&amp#27;[39m Matched '/element/c57aa1c8-e299-49be-b0ef-dd7fdd33d243/click' to command name 'click'
[debug] &amp#27;[35m[WD Proxy]&amp#27;[39m Proxying [POST /element/c57aa1c8-e299-49be-b0ef-dd7fdd33d243/click] to [POST http://127.0.0.1:8200/wd/hub/session/019eb0b6-d38e-42ee-9fb0-7ffea49d45d4/element/c57aa1c8-e299-49be-b0ef-dd7fdd33d243/click] with body: {"element":"c57aa1c8-e299-49be-b0ef-dd7fdd33d243"}
[debug] &amp#27;[35m[WD Proxy]&amp#27;[39m Got response with status 200: {"sessionId":"019eb0b6-d38e-42ee-9fb0-7ffea49d45d4","value":null}
[debug] &amp#27;[35m[W3C (3fe7b4f6)]&amp#27;[39m Responding to client with driver.click() result: null
&amp#27;[35m[HTTP]&amp#27;[39m &amp#27;[37m<-- POST /wd/hub/session/3fe7b4f6-ce7b-42e1-94e3-e46bd6021f75/element/c57aa1c8-e299-49be-b0ef-dd7fdd33d243/click &amp#27;[39m&amp#27;[32m200&amp#27;[39m &amp#27;[90m58 ms - 14&amp#27;[39m
&amp#27;[35m[HTTP]&amp#27;[39m &amp#27;[90m&amp#27;[39m
&amp#27;[35m[HTTP]&amp#27;[39m &amp#27;[37m-->&amp#27;[39m &amp#27;[37mPOST&amp#27;[39m &amp#27;[37m/wd/hub/session/3fe7b4f6-ce7b-42e1-94e3-e46bd6021f75/elements&amp#27;[39m
&amp#27;[35m[HTTP]&amp#27;[39m &amp#27;[90m{"using":"id","value":"com.androidsample.generalstore:id/productPrice"}&amp#27;[39m
[debug] &amp#27;[35m[W3C (3fe7b4f6)]&amp#27;[39m Calling AppiumDriver.findElements() with args: ["id","com.androidsample.generalstore:id/productPrice","3fe7b4f6-ce7b-42e1-94e3-e46bd6021f75"]
[debug] &amp#27;[35m[BaseDriver]&amp#27;[39m Valid locator strategies for this request: xpath, id, class name, accessibility id, -android uiautomator
[debug] &amp#27;[35m[BaseDriver]&amp#27;[39m Waiting up to 10000 ms for condition
[debug] &amp#27;[35m[WD Proxy]&amp#27;[39m Matched '/elements' to command name 'findElements'
[debug] &amp#27;[35m[WD Proxy]&amp#27;[39m Proxying [POST /elements] to [POST http://127.0.0.1:8200/wd/hub/session/019eb0b6-d38e-42ee-9fb0-7ffea49d45d4/elements] with body: {"strategy":"id","selector":"com.androidsample.generalstore:id/productPrice","context":"","multiple":true}
[debug] &amp#27;[35m[WD Proxy]&amp#27;[39m Got response with status 200: {"sessionId":"019eb0b6-d38e-42ee-9fb0-7ffea49d45d4","value":[{"ELEMENT":"bdd20bcf-3cfd-4425-8aef-bb59f20d652c","element-6066-11e4-a52e-4f735466cecf":"bdd20bcf-3cfd-4425-8aef-bb59f20d652c"},{"ELEMENT":"e16eef30-184e-46de-bca2-adb5f0a5f98f","element-6066-11e4-a52e-4f735466cecf":"e16eef30-184e-46de-bca2-adb5f0a5f98f"}]}
[debug] &amp#27;[35m[W3C (3fe7b4f6)]&amp#27;[39m Responding to client with driver.findElements() result: [{"element-6066-11e4-a52e-4f735466cecf":"bdd20bcf-3cfd-4425-8aef-bb59f20d652c","ELEMENT":"bdd20bcf-3cfd-4425-8aef-bb59f20d652c"},{"element-6066-11e4-a52e-4f735466cecf":"e16eef30-184e-46de-bca2-adb5f0a5f98f","ELEMENT":"e16eef30-184e-46de-bca2-adb5f0a5f98f"}]
&amp#27;[35m[HTTP]&amp#27;[39m &amp#27;[37m<-- POST /wd/hub/session/3fe7b4f6-ce7b-42e1-94e3-e46bd6021f75/elements &amp#27;[39m&amp#27;[32m200&amp#27;[39m &amp#27;[90m48 ms - 267&amp#27;[39m
&amp#27;[35m[HTTP]&amp#27;[39m &amp#27;[90m&amp#27;[39m
&amp#27;[35m[HTTP]&amp#27;[39m &amp#27;[37m-->&amp#27;[39m &amp#27;[37mGET&amp#27;[39m &amp#27;[37m/wd/hub/session/3fe7b4f6-ce7b-42e1-94e3-e46bd6021f75/context&amp#27;[39m
&amp#27;[35m[HTTP]&amp#27;[39m &amp#27;[90m{}&amp#27;[39m
[debug] &amp#27;[35m[W3C (3fe7b4f6)]&amp#27;[39m Calling AppiumDriver.getCurrentContext() with args: ["3fe7b4f6-ce7b-42e1-94e3-e46bd6021f75"]
[debug] &amp#27;[35m[W3C (3fe7b4f6)]&amp#27;[39m Responding to client with driver.getCurrentContext() result: "NATIVE_APP"
&amp#27;[35m[HTTP]&amp#27;[39m &amp#27;[37m<-- GET /wd/hub/session/3fe7b4f6-ce7b-42e1-94e3-e46bd6021f75/context &amp#27;[39m&amp#27;[32m200&amp#27;[39m &amp#27;[90m3 ms - 22&amp#27;[39m
&amp#27;[35m[HTTP]&amp#27;[39m &amp#27;[90m&amp#27;[39m
&amp#27;[35m[HTTP]&amp#27;[39m &amp#27;[37m-->&amp#27;[39m &amp#27;[37mPOST&amp#27;[39m &amp#27;[37m/wd/hub/session/3fe7b4f6-ce7b-42e1-94e3-e46bd6021f75/elements&amp#27;[39m
&amp#27;[35m[HTTP]&amp#27;[39m &amp#27;[90m{"using":"id","value":"com.androidsample.generalstore:id/productPrice"}&amp#27;[39m
[debug] &amp#27;[35m[W3C (3fe7b4f6)]&amp#27;[39m Calling AppiumDriver.findElements() with args: ["id","com.androidsample.generalstore:id/productPrice","3fe7b4f6-ce7b-42e1-94e3-e46bd6021f75"]
[debug] &amp#27;[35m[BaseDriver]&amp#27;[39m Valid locator strategies for this request: xpath, id, class name, accessibility id, -android uiautomator
[debug] &amp#27;[35m[BaseDriver]&amp#27;[39m Waiting up to 10000 ms for condition
[debug] &amp#27;[35m[WD Proxy]&amp#27;[39m Matched '/elements' to command name 'findElements'
[debug] &amp#27;[35m[WD Proxy]&amp#27;[39m Proxying [POST /elements] to [POST http://127.0.0.1:8200/wd/hub/session/019eb0b6-d38e-42ee-9fb0-7ffea49d45d4/elements] with body: {"strategy":"id","selector":"com.androidsample.generalstore:id/productPrice","context":"","multiple":true}
[debug] &amp#27;[35m[WD Proxy]&amp#27;[39m Got response with status 200: {"sessionId":"019eb0b6-d38e-42ee-9fb0-7ffea49d45d4","value":[{"ELEMENT":"7a3ac9a8-6d1d-41a7-beef-e5ff21fcb82e","element-6066-11e4-a52e-4f735466cecf":"7a3ac9a8-6d1d-41a7-beef-e5ff21fcb82e"},{"ELEMENT":"0c807730-e6b2-46ae-af03-d2db000c72bc","element-6066-11e4-a52e-4f735466cecf":"0c807730-e6b2-46ae-af03-d2db000c72bc"}]}
[debug] &amp#27;[35m[W3C (3fe7b4f6)]&amp#27;[39m Responding to client with driver.findElements() result: [{"element-6066-11e4-a52e-4f735466cecf":"7a3ac9a8-6d1d-41a7-beef-e5ff21fcb82e","ELEMENT":"7a3ac9a8-6d1d-41a7-beef-e5ff21fcb82e"},{"element-6066-11e4-a52e-4f735466cecf":"0c807730-e6b2-46ae-af03-d2db000c72bc","ELEMENT":"0c807730-e6b2-46ae-af03-d2db000c72bc"}]
&amp#27;[35m[HTTP]&amp#27;[39m &amp#27;[37m<-- POST /wd/hub/session/3fe7b4f6-ce7b-42e1-94e3-e46bd6021f75/elements &amp#27;[39m&amp#27;[32m200&amp#27;[39m &amp#27;[90m63 ms - 267&amp#27;[39m
&amp#27;[35m[HTTP]&amp#27;[39m &amp#27;[90m&amp#27;[39m
&amp#27;[35m[HTTP]&amp#27;[39m &amp#27;[37m-->&amp#27;[39m &amp#27;[37mGET&amp#27;[39m &amp#27;[37m/wd/hub/session/3fe7b4f6-ce7b-42e1-94e3-e46bd6021f75/element/7a3ac9a8-6d1d-41a7-beef-e5ff21fcb82e/text&amp#27;[39m
&amp#27;[35m[HTTP]&amp#27;[39m &amp#27;[90m{}&amp#27;[39m
&amp#27;[35m[W3C (3fe7b4f6)]&amp#27;[39m Driver proxy active, passing request on via HTTP proxy
[debug] &amp#27;[35m[WD Proxy]&amp#27;[39m Matched '/wd/hub/session/3fe7b4f6-ce7b-42e1-94e3-e46bd6021f75/element/7a3ac9a8-6d1d-41a7-beef-e5ff21fcb82e/text' to command name 'getText'
[debug] &amp#27;[35m[WD Proxy]&amp#27;[39m Proxying [GET /wd/hub/session/3fe7b4f6-ce7b-42e1-94e3-e46bd6021f75/element/7a3ac9a8-6d1d-41a7-beef-e5ff21fcb82e/text] to [GET http://127.0.0.1:8200/wd/hub/session/019eb0b6-d38e-42ee-9fb0-7ffea49d45d4/element/7a3ac9a8-6d1d-41a7-beef-e5ff21fcb82e/text] with body: {}
[debug] &amp#27;[35m[WD Proxy]&amp#27;[39m Got response with status 200: {"sessionId":"019eb0b6-d38e-42ee-9fb0-7ffea49d45d4","value":"$160.97"}
&amp#27;[35m[WD Proxy]&amp#27;[39m Replacing sessionId 019eb0b6-d38e-42ee-9fb0-7ffea49d45d4 with 3fe7b4f6-ce7b-42e1-94e3-e46bd6021f75
&amp#27;[35m[HTTP]&amp#27;[39m &amp#27;[37m<-- GET /wd/hub/session/3fe7b4f6-ce7b-42e1-94e3-e46bd6021f75/element/7a3ac9a8-6d1d-41a7-beef-e5ff21fcb82e/text &amp#27;[39m&amp#27;[32m200&amp#27;[39m &amp#27;[90m38 ms - 70&amp#27;[39m
&amp#27;[35m[HTTP]&amp#27;[39m &amp#27;[90m&amp#27;[39m
&amp#27;[35m[HTTP]&amp#27;[39m &amp#27;[37m-->&amp#27;[39m &amp#27;[37mGET&amp#27;[39m &amp#27;[37m/wd/hub/session/3fe7b4f6-ce7b-42e1-94e3-e46bd6021f75/context&amp#27;[39m
&amp#27;[35m[HTTP]&amp#27;[39m &amp#27;[90m{}&amp#27;[39m
[debug] &amp#27;[35m[W3C (3fe7b4f6)]&amp#27;[39m Calling AppiumDriver.getCurrentContext() with args: ["3fe7b4f6-ce7b-42e1-94e3-e46bd6021f75"]
[debug] &amp#27;[35m[W3C (3fe7b4f6)]&amp#27;[39m Responding to client with driver.getCurrentContext() result: "NATIVE_APP"
&amp#27;[35m[HTTP]&amp#27;[39m &amp#27;[37m<-- GET /wd/hub/session/3fe7b4f6-ce7b-42e1-94e3-e46bd6021f75/context &amp#27;[39m&amp#27;[32m200&amp#27;[39m &amp#27;[90m2 ms - 22&amp#27;[39m
&amp#27;[35m[HTTP]&amp#27;[39m &amp#27;[90m&amp#27;[39m
&amp#27;[35m[HTTP]&amp#27;[39m &amp#27;[37m-->&amp#27;[39m &amp#27;[37mPOST&amp#27;[39m &amp#27;[37m/wd/hub/session/3fe7b4f6-ce7b-42e1-94e3-e46bd6021f75/elements&amp#27;[39m
&amp#27;[35m[HTTP]&amp#27;[39m &amp#27;[90m{"using":"id","value":"com.androidsample.generalstore:id/productPrice"}&amp#27;[39m
[debug] &amp#27;[35m[W3C (3fe7b4f6)]&amp#27;[39m Calling AppiumDriver.findElements() with args: ["id","com.androidsample.generalstore:id/productPrice","3fe7b4f6-ce7b-42e1-94e3-e46bd6021f75"]
[debug] &amp#27;[35m[BaseDriver]&amp#27;[39m Valid locator strategies for this request: xpath, id, class name, accessibility id, -android uiautomator
[debug] &amp#27;[35m[BaseDriver]&amp#27;[39m Waiting up to 10000 ms for condition
[debug] &amp#27;[35m[WD Proxy]&amp#27;[39m Matched '/elements' to command name 'findElements'
[debug] &amp#27;[35m[WD Proxy]&amp#27;[39m Proxying [POST /elements] to [POST http://127.0.0.1:8200/wd/hub/session/019eb0b6-d38e-42ee-9fb0-7ffea49d45d4/elements] with body: {"strategy":"id","selector":"com.androidsample.generalstore:id/productPrice","context":"","multiple":true}
[debug] &amp#27;[35m[WD Proxy]&amp#27;[39m Got response with status 200: {"sessionId":"019eb0b6-d38e-42ee-9fb0-7ffea49d45d4","value":[{"ELEMENT":"27b922b8-296f-4c54-a8c0-6d50e7d663f0","element-6066-11e4-a52e-4f735466cecf":"27b922b8-296f-4c54-a8c0-6d50e7d663f0"},{"ELEMENT":"da25a83b-1a19-4551-ae23-a853bce4cc56","element-6066-11e4-a52e-4f735466cecf":"da25a83b-1a19-4551-ae23-a853bce4cc56"}]}
[debug] &amp#27;[35m[W3C (3fe7b4f6)]&amp#27;[39m Responding to client with driver.findElements() result: [{"element-6066-11e4-a52e-4f735466cecf":"27b922b8-296f-4c54-a8c0-6d50e7d663f0","ELEMENT":"27b922b8-296f-4c54-a8c0-6d50e7d663f0"},{"element-6066-11e4-a52e-4f735466cecf":"da25a83b-1a19-4551-ae23-a853bce4cc56","ELEMENT":"da25a83b-1a19-4551-ae23-a853bce4cc56"}]
&amp#27;[35m[HTTP]&amp#27;[39m &amp#27;[37m<-- POST /wd/hub/session/3fe7b4f6-ce7b-42e1-94e3-e46bd6021f75/elements &amp#27;[39m&amp#27;[32m200&amp#27;[39m &amp#27;[90m53 ms - 267&amp#27;[39m
&amp#27;[35m[HTTP]&amp#27;[39m &amp#27;[90m&amp#27;[39m
&amp#27;[35m[HTTP]&amp#27;[39m &amp#27;[37m-->&amp#27;[39m &amp#27;[37mGET&amp#27;[39m &amp#27;[37m/wd/hub/session/3fe7b4f6-ce7b-42e1-94e3-e46bd6021f75/element/da25a83b-1a19-4551-ae23-a853bce4cc56/text&amp#27;[39m
&amp#27;[35m[HTTP]&amp#27;[39m &amp#27;[90m{}&amp#27;[39m
&amp#27;[35m[W3C (3fe7b4f6)]&amp#27;[39m Driver proxy active, passing request on via HTTP proxy
[debug] &amp#27;[35m[WD Proxy]&amp#27;[39m Matched '/wd/hub/session/3fe7b4f6-ce7b-42e1-94e3-e46bd6021f75/element/da25a83b-1a19-4551-ae23-a853bce4cc56/text' to command name 'getText'
[debug] &amp#27;[35m[WD Proxy]&amp#27;[39m Proxying [GET /wd/hub/session/3fe7b4f6-ce7b-42e1-94e3-e46bd6021f75/element/da25a83b-1a19-4551-ae23-a853bce4cc56/text] to [GET http://127.0.0.1:8200/wd/hub/session/019eb0b6-d38e-42ee-9fb0-7ffea49d45d4/element/da25a83b-1a19-4551-ae23-a853bce4cc56/text] with body: {}
[debug] &amp#27;[35m[WD Proxy]&amp#27;[39m Got response with status 200: {"sessionId":"019eb0b6-d38e-42ee-9fb0-7ffea49d45d4","value":"$120.0"}
&amp#27;[35m[WD Proxy]&amp#27;[39m Replacing sessionId 019eb0b6-d38e-42ee-9fb0-7ffea49d45d4 with 3fe7b4f6-ce7b-42e1-94e3-e46bd6021f75
&amp#27;[35m[HTTP]&amp#27;[39m &amp#27;[37m<-- GET /wd/hub/session/3fe7b4f6-ce7b-42e1-94e3-e46bd6021f75/element/da25a83b-1a190.0sum of products
-4551-ae23-a853bce4cc56/text &amp#27;[39m&amp#27;[32m200&amp#27;[39m &amp#27;[90m26 ms - 69&amp#27;[39m
&amp#27;[35m[HTTP]&amp#27;[39m &amp#27;[90m&amp#27;[39m
&amp#27;[35m[HTTP]&amp#27;[39m &amp#27;[37m-->&amp#27;[39m &amp#27;[37mGET&amp#27;[39m &amp#27;[37m/wd/hub/session/3fe7b4f6-ce7b-42e1-94e3-e46bd6021f75/context&amp#27;[39m
&amp#27;[35m[HTTP]&amp#27;[39m &amp#27;[90m{}&amp#27;[39m
[debug] &amp#27;[35m[W3C (3fe7b4f6)]&amp#27;[39m Calling AppiumDriver.getCurrentContext() with args: ["3fe7b4f6-ce7b-42e1-94e3-e46bd6021f75"]
[debug] &amp#27;[35m[W3C (3fe7b4f6)]&amp#27;[39m Responding to client with driver.getCurrentContext() result: "NATIVE_APP"
&amp#27;[35m[HTTP]&amp#27;[39m &amp#27;[37m<-- GET /wd/hub/session/3fe7b4f6-ce7b-42e1-94e3-e46bd6021f75/context &amp#27;[39m&amp#27;[32m200&amp#27;[39m &amp#27;[90m2 ms - 22&amp#27;[39m
&amp#27;[35m[HTTP]&amp#27;[39m &amp#27;[90m&amp#27;[39m
&amp#27;[35m[HTTP]&amp#27;[39m &amp#27;[37m-->&amp#27;[39m &amp#27;[37mPOST&amp#27;[39m &amp#27;[37m/wd/hub/session/3fe7b4f6-ce7b-42e1-94e3-e46bd6021f75/element&amp#27;[39m
&amp#27;[35m[HTTP]&amp#27;[39m &amp#27;[90m{"using":"id","value":"com.androidsample.generalstore:id/totalAmountLbl"}&amp#27;[39m
[debug] &amp#27;[35m[W3C (3fe7b4f6)]&amp#27;[39m Calling AppiumDriver.findElement() with args: ["id","com.androidsample.generalstore:id/totalAmountLbl","3fe7b4f6-ce7b-42e1-94e3-e46bd6021f75"]
[debug] &amp#27;[35m[BaseDriver]&amp#27;[39m Valid locator strategies for this request: xpath, id, class name, accessibility id, -android uiautomator
[debug] &amp#27;[35m[BaseDriver]&amp#27;[39m Waiting up to 10000 ms for condition
[debug] &amp#27;[35m[WD Proxy]&amp#27;[39m Matched '/element' to command name 'findElement'
[debug] &amp#27;[35m[WD Proxy]&amp#27;[39m Proxying [POST /element] to [POST http://127.0.0.1:8200/wd/hub/session/019eb0b6-d38e-42ee-9fb0-7ffea49d45d4/element] with body: {"strategy":"id","selector":"com.androidsample.generalstore:id/totalAmountLbl","context":"","multiple":false}
[debug] &amp#27;[35m[WD Proxy]&amp#27;[39m Got response with status 200: {"sessionId":"019eb0b6-d38e-42ee-9fb0-7ffea49d45d4","value":{"ELEMENT":"fad9090c-7ce1-461a-8bc5-82f5fb104318","element-6066-11e4-a52e-4f735466cecf":"fad9090c-7ce1-461a-8bc5-82f5fb104318"}}
[debug] &amp#27;[35m[W3C (3fe7b4f6)]&amp#27;[39m Responding to client with driver.findElement() result: {"element-6066-11e4-a52e-4f735466cecf":"fad9090c-7ce1-461a-8bc5-82f5fb104318","ELEMENT":"fad9090c-7ce1-461a-8bc5-82f5fb104318"}
&amp#27;[35m[HTTP]&amp#27;[39m &amp#27;[37m<-- POST /wd/hub/session/3fe7b4f6-ce7b-42e1-94e3-e46bd6021f75/element &amp#27;[39m&amp#27;[32m200&amp#27;[39m &amp#27;[90m40 ms - 137&amp#27;[39m
&amp#27;[35m[HTTP]&amp#27;[39m &amp#27;[90m&amp#27;[39m
&amp#27;[35m[HTTP]&amp#27;[39m &amp#27;[37m-->&amp#27;[39m &amp#27;[37mGET&amp#27;[39m &amp#27;[37m/wd/hub/session/3fe7b4f6-ce7b-42e1-94e3-e46bd6021f75/element/fad9090c-7ce1-461a-8bc5-82f5fb104318/text&amp#27;[39m
&amp#27;[35m[HTTP]&amp#27;[39m &amp#27;[90m{}&amp#27;[39m
&amp#27;[35m[W3C (3fe7b4f6)]&amp#27;[39m Driver proxy active, passing request on via HTTP proxy
[debug] &amp#27;[35m[WD Proxy]&amp#27;[39m Matched '/wd/hub/session/3fe7b4f6-ce7b-42e1-94e3-e46bd6021f75/element/fad9090c-7ce1-461a-8bc5-82f5fb104318/text' to command name 'getText'
[debug] &amp#27;[35m[WD Proxy]&amp#27;[39m Proxying [GET /wd/hub/session/3fe7b4f6-ce7b-42e1-94e3-e46bd6021f75/element/fad9090c-7ce1-461a-8bc5-82f5fb104318/text] to [GET http://127.0.0.1:8200/wd/hub/session/019eb0b6-d38e-42ee-9fb0-7ffea49d45d4/element/fad9090c-7ce1-461a-8bc5-82f5fb104318/text] with body: {}
[debug] &amp#27;[35m[WD Proxy]&amp#27;[39m Got response with status 200: {"sessionId":"019eb0b6-d38e-42ee-9fb0-7ffea49d45d4","value":"$ 280.97"}
&amp#27;[35m[WD Proxy]&amp#27;[39m Replacing sessionId 019eb0b6-d38e-42ee-9fb0-7ffea49d45d4 with 3fe7b4f6-ce7b-42e1-94e3-e46bd6021f75
&amp#27;[35m[HTTP]&amp#27;[39m &amp#27;[37m<-- GET /wd/hub280.97Total value of products
/session/3fe7b4f6-ce7b-42e1-94e3-e46bd6021f75/element/fad9090c-7ce1-461a-8bc5-82f5fb104318/text &amp#27;[39m&amp#27;[32m200&amp#27;[39m &amp#27;[90m29 ms - 71&amp#27;[39m
&amp#27;[35m[HTTP]&amp#27;[39m &amp#27;[90m&amp#27;[39m
]]></system-out>
    <system-err><![CDATA[May 07, 2020 3:18:19 PM io.appium.java_client.remote.AppiumCommandExecutor$1 lambda$0
INFO: Detected dialect: W3C
]]></system-err>
  </testcase>
</testsuite>